This is pdfTeX, Version 3.141592653-2.6-1.40.25 (MiKTeX 23.5) (preloaded format=pdflatex 2023.7.7)  7 JUL 2023 13:11
entering extended mode
 restricted \write18 enabled.
 %&-line parsing enabled.
**./relatorio.tex
(relatorio.tex
LaTeX2e <2023-06-01> patch level 1
L3 programming layer <2023-06-30>
(ipb.cls
Document Class: ipb 2017/07/09 base class
(/home/iaggo/.miktex/texmfs/install/tex/latex/base/report.cls
Document Class: report 2023/05/17 v1.4n Standard LaTeX document class
(/home/iaggo/.miktex/texmfs/install/tex/latex/base/size12.clo
File: size12.clo 2023/05/17 v1.4n Standard LaTeX file (size option)
)
\c@part=\count185
\c@chapter=\count186
\c@section=\count187
\c@subsection=\count188
\c@subsubsection=\count189
\c@paragraph=\count190
\c@subparagraph=\count191
\c@figure=\count192
\c@table=\count193
\abovecaptionskip=\skip48
\belowcaptionskip=\skip49
\bibindent=\dimen140
)
(/home/iaggo/.miktex/texmfs/install/tex/latex/setspace/setspace.sty
Package: setspace 2022/12/04 v6.7b set line spacing
)
(/home/iaggo/.miktex/texmfs/install/tex/latex/graphics/graphicx.sty
Package: graphicx 2021/09/16 v1.2d Enhanced LaTeX Graphics (DPC,SPQR)

(/home/iaggo/.miktex/texmfs/install/tex/latex/graphics/keyval.sty
Package: keyval 2022/05/29 v1.15 key=value parser (DPC)
\KV@toks@=\toks17
)
(/home/iaggo/.miktex/texmfs/install/tex/latex/graphics/graphics.sty
Package: graphics 2022/03/10 v1.4e Standard LaTeX Graphics (DPC,SPQR)

(/home/iaggo/.miktex/texmfs/install/tex/latex/graphics/trig.sty
Package: trig 2021/08/11 v1.11 sin cos tan (DPC)
)
(/home/iaggo/.miktex/texmfs/install/tex/latex/graphics-cfg/graphics.cfg
File: graphics.cfg 2016/06/04 v1.11 sample graphics configuration
)
Package graphics Info: Driver file: pdftex.def on input line 107.

(/home/iaggo/.miktex/texmfs/install/tex/latex/graphics-def/pdftex.def
File: pdftex.def 2022/09/22 v1.2b Graphics/color driver for pdftex
))
\Gin@req@height=\dimen141
\Gin@req@width=\dimen142
)
(/home/iaggo/.miktex/texmfs/install/tex/latex/base/inputenc.sty
Package: inputenc 2021/02/14 v1.3d Input encoding file
\inpenc@prehook=\toks18
\inpenc@posthook=\toks19
)
(/home/iaggo/.miktex/texmfs/install/tex/latex/glossaries/base/glossaries.sty
Package: glossaries 2022/11/03 v4.52 (NLCT)

(/home/iaggo/.miktex/texmfs/install/tex/latex/base/ifthen.sty
Package: ifthen 2022/04/13 v1.1d Standard LaTeX ifthen package (DPC)
)
(/home/iaggo/.miktex/texmfs/install/tex/latex/xkeyval/xkeyval.sty
Package: xkeyval 2022/06/16 v2.9 package option processing (HA)

(/home/iaggo/.miktex/texmfs/install/tex/generic/xkeyval/xkeyval.tex
(/home/iaggo/.miktex/texmfs/install/tex/generic/xkeyval/xkvutils.tex
\XKV@toks=\toks20
\XKV@tempa@toks=\toks21
)
\XKV@depth=\count194
File: xkeyval.tex 2014/12/03 v2.7a key=value parser (HA)
))
(/home/iaggo/.miktex/texmfs/install/tex/latex/mfirstuc/mfirstuc.sty
Package: mfirstuc 2022/10/14 v2.08 (NLCT)

(/home/iaggo/.miktex/texmfs/install/tex/latex/etoolbox/etoolbox.sty
Package: etoolbox 2020/10/05 v2.5k e-TeX tools for LaTeX (JAW)
\etb@tempcnta=\count195
)
\@glsmfirst=\toks22
\@glsmrest=\toks23
)
(/home/iaggo/.miktex/texmfs/install/tex/latex/xfor/xfor.sty
Package: xfor 2009/02/05 v1.05 (NLCT)
)
(/home/iaggo/.miktex/texmfs/install/tex/latex/datatool/datatool-base.sty
Package: datatool-base 2019/09/27 v2.32 (NLCT)

(/home/iaggo/.miktex/texmfs/install/tex/latex/amsmath/amsmath.sty
Package: amsmath 2023/05/13 v2.17o AMS math features
\@mathmargin=\skip50

For additional information on amsmath, use the `?' option.
(/home/iaggo/.miktex/texmfs/install/tex/latex/amsmath/amstext.sty
Package: amstext 2021/08/26 v2.01 AMS text

(/home/iaggo/.miktex/texmfs/install/tex/latex/amsmath/amsgen.sty
File: amsgen.sty 1999/11/30 v2.0 generic functions
\@emptytoks=\toks24
\ex@=\dimen143
))
(/home/iaggo/.miktex/texmfs/install/tex/latex/amsmath/amsbsy.sty
Package: amsbsy 1999/11/29 v1.2d Bold Symbols
\pmbraise@=\dimen144
)
(/home/iaggo/.miktex/texmfs/install/tex/latex/amsmath/amsopn.sty
Package: amsopn 2022/04/08 v2.04 operator names
)
\inf@bad=\count196
LaTeX Info: Redefining \frac on input line 234.
\uproot@=\count197
\leftroot@=\count198
LaTeX Info: Redefining \overline on input line 399.
LaTeX Info: Redefining \colon on input line 410.
\classnum@=\count199
\DOTSCASE@=\count266
LaTeX Info: Redefining \ldots on input line 496.
LaTeX Info: Redefining \dots on input line 499.
LaTeX Info: Redefining \cdots on input line 620.
\Mathstrutbox@=\box51
\strutbox@=\box52
LaTeX Info: Redefining \big on input line 722.
LaTeX Info: Redefining \Big on input line 723.
LaTeX Info: Redefining \bigg on input line 724.
LaTeX Info: Redefining \Bigg on input line 725.
\big@size=\dimen145
LaTeX Font Info:    Redeclaring font encoding OML on input line 743.
LaTeX Font Info:    Redeclaring font encoding OMS on input line 744.
\macc@depth=\count267
LaTeX Info: Redefining \bmod on input line 905.
LaTeX Info: Redefining \pmod on input line 910.
LaTeX Info: Redefining \smash on input line 940.
LaTeX Info: Redefining \relbar on input line 970.
LaTeX Info: Redefining \Relbar on input line 971.
\c@MaxMatrixCols=\count268
\dotsspace@=\muskip16
\c@parentequation=\count269
\dspbrk@lvl=\count270
\tag@help=\toks25
\row@=\count271
\column@=\count272
\maxfields@=\count273
\andhelp@=\toks26
\eqnshift@=\dimen146
\alignsep@=\dimen147
\tagshift@=\dimen148
\tagwidth@=\dimen149
\totwidth@=\dimen150
\lineht@=\dimen151
\@envbody=\toks27
\multlinegap=\skip51
\multlinetaggap=\skip52
\mathdisplay@stack=\toks28
LaTeX Info: Redefining \[ on input line 2953.
LaTeX Info: Redefining \] on input line 2954.
)
(/home/iaggo/.miktex/texmfs/install/tex/latex/substr/substr.sty
Package: substr 2009/10/20 v1.2 Handle substrings
\c@su@anzahl=\count274
)
(/home/iaggo/.miktex/texmfs/install/tex/latex/datatool/datatool-fp.sty
Package: datatool-fp 2019/09/27 v2.32 (NLCT)

(/home/iaggo/.miktex/texmfs/install/tex/latex/fp/fp.sty
Package: fp 1995/04/02

`Fixed Point Package', Version 0.8, April 2, 1995 (C) Michael Mehlich
(/home/iaggo/.miktex/texmfs/install/tex/latex/fp/defpattern.sty
Package: defpattern 1994/10/12
\actioncount=\count275
)
(/home/iaggo/.miktex/texmfs/install/tex/latex/fp/fp-basic.sty
Package: fp-basic 1996/05/13
\FP@xs=\count276
\FP@xia=\count277
\FP@xib=\count278
\FP@xfa=\count279
\FP@xfb=\count280
\FP@rega=\count281
\FP@regb=\count282
\FP@regs=\count283
\FP@times=\count284
)
(/home/iaggo/.miktex/texmfs/install/tex/latex/fp/fp-addons.sty
Package: fp-addons 1995/03/15
)
(/home/iaggo/.miktex/texmfs/install/tex/latex/fp/fp-snap.sty
Package: fp-snap 1995/04/05
)
(/home/iaggo/.miktex/texmfs/install/tex/latex/fp/fp-exp.sty
Package: fp-exp 1995/04/03
)
(/home/iaggo/.miktex/texmfs/install/tex/latex/fp/fp-trigo.sty
Package: fp-trigo 1995/04/14
)
(/home/iaggo/.miktex/texmfs/install/tex/latex/fp/fp-pas.sty
Package: fp-pas 1994/08/29
)
(/home/iaggo/.miktex/texmfs/install/tex/latex/fp/fp-random.sty
Package: fp-random 1995/02/23
\FPseed=\count285
)
(/home/iaggo/.miktex/texmfs/install/tex/latex/fp/fp-eqn.sty
Package: fp-eqn 1995/04/03
)
(/home/iaggo/.miktex/texmfs/install/tex/latex/fp/fp-upn.sty
Package: fp-upn 1996/10/21
)
(/home/iaggo/.miktex/texmfs/install/tex/latex/fp/fp-eval.sty
Package: fp-eval 1995/04/03
)))
\@dtl@toks=\toks29
\@dtl@tmpcount=\count286
\dtl@tmplength=\skip53
\dtl@sortresult=\count287
\@dtl@numgrpsepcount=\count288
\@dtl@datatype=\count289
\dtl@codeA=\count290
\dtl@codeB=\count291
\@dtl@foreach@level=\count292
)
\gls@level=\count293
\@gls@tmpb=\toks30
\gls@tmplen=\skip54
\glskeylisttok=\toks31
\glslabeltok=\toks32
\glsshorttok=\toks33
\glslongtok=\toks34

(/home/iaggo/.miktex/texmfs/install/tex/latex/glossaries/styles/glossary-hypern
av.sty
Package: glossary-hypernav 2022/11/03 v4.52 (NLCT)
)
(/home/iaggo/.miktex/texmfs/install/tex/latex/glossaries/styles/glossary-list.s
ty
Package: glossary-list 2022/11/03 v4.52 (NLCT)
\glslistdottedwidth=\skip55
)
(/home/iaggo/.miktex/texmfs/install/tex/latex/glossaries/styles/glossary-long.s
ty
Package: glossary-long 2022/11/03 v4.52 (NLCT)
 (/home/iaggo/.miktex/texmfs/install/tex/latex/tools/longtable.sty
Package: longtable 2021-09-01 v4.17 Multi-page Table package (DPC)
\LTleft=\skip56
\LTright=\skip57
\LTpre=\skip58
\LTpost=\skip59
\LTchunksize=\count294
\LTcapwidth=\dimen152
\LT@head=\box53
\LT@firsthead=\box54
\LT@foot=\box55
\LT@lastfoot=\box56
\LT@gbox=\box57
\LT@cols=\count295
\LT@rows=\count296
\c@LT@tables=\count297
\c@LT@chunks=\count298
\LT@p@ftn=\toks35
)
\glsdescwidth=\skip60
\glspagelistwidth=\skip61
)
(/home/iaggo/.miktex/texmfs/install/tex/latex/glossaries/styles/glossary-super.
sty
Package: glossary-super 2022/11/03 v4.52 (NLCT)
 (/home/iaggo/.miktex/texmfs/install/tex/latex/supertabular/supertabular.sty
Package: supertabular 2020/02/02 v4.1g the supertabular environment
\c@tracingst=\count299
\ST@wd=\dimen153
\ST@rightskip=\skip62
\ST@leftskip=\skip63
\ST@parfillskip=\skip64
\ST@pageleft=\dimen154
\ST@headht=\dimen155
\ST@tailht=\dimen156
\ST@pagesofar=\dimen157
\ST@pboxht=\dimen158
\ST@lineht=\dimen159
\ST@prevht=\dimen160
\ST@toadd=\dimen161
\ST@dimen=\dimen162
\ST@pbox=\box58
))
(/home/iaggo/.miktex/texmfs/install/tex/latex/glossaries/styles/glossary-tree.s
ty
Package: glossary-tree 2022/11/03 v4.52 (NLCT)
\glstreeindent=\skip65
)) (/home/iaggo/.miktex/texmfs/install/tex/latex/fancyhdr/fancyhdr.sty
Package: fancyhdr 2022/11/09 v4.1 Extensive control of page headers and footers

\f@nch@headwidth=\skip66
\f@nch@O@elh=\skip67
\f@nch@O@erh=\skip68
\f@nch@O@olh=\skip69
\f@nch@O@orh=\skip70
\f@nch@O@elf=\skip71
\f@nch@O@erf=\skip72
\f@nch@O@olf=\skip73
\f@nch@O@orf=\skip74
)
(/home/iaggo/.miktex/texmfs/install/tex/generic/iftex/ifxetex.sty
Package: ifxetex 2019/10/25 v0.7 ifxetex legacy package. Use iftex instead.

(/home/iaggo/.miktex/texmfs/install/tex/generic/iftex/iftex.sty
Package: iftex 2022/02/03 v1.0f TeX engine tests
))
(/home/iaggo/.miktex/texmfs/install/tex/latex/base/fontenc.sty
Package: fontenc 2021/04/29 v2.0v Standard LaTeX package
)
(/home/iaggo/.miktex/texmfs/install/tex/latex/tools/indentfirst.sty
Package: indentfirst 1995/11/23 v1.03 Indent first paragraph (DPC)
)
(/home/iaggo/.miktex/texmfs/install/tex/latex/parskip/parskip.sty
Package: parskip 2021-03-14 v2.0h non-zero parskip adjustments

(/home/iaggo/.miktex/texmfs/install/tex/latex/kvoptions/kvoptions.sty
Package: kvoptions 2022-06-15 v3.15 Key value format for package options (HO)

(/home/iaggo/.miktex/texmfs/install/tex/generic/ltxcmds/ltxcmds.sty
Package: ltxcmds 2020-05-10 v1.25 LaTeX kernel commands for general use (HO)
)
(/home/iaggo/.miktex/texmfs/install/tex/latex/kvsetkeys/kvsetkeys.sty
Package: kvsetkeys 2022-10-05 v1.19 Key value parser (HO)
))))
(/home/iaggo/.miktex/texmfs/install/tex/latex/csquotes/csquotes.sty
Package: csquotes 2022-09-14 v5.2n context-sensitive quotations (JAW)
\csq@reset=\count300
\csq@gtype=\count301
\csq@glevel=\count302
\csq@qlevel=\count303
\csq@maxlvl=\count304
\csq@tshold=\count305
\csq@ltx@everypar=\toks36

(/home/iaggo/.miktex/texmfs/install/tex/latex/csquotes/csquotes.def
File: csquotes.def 2022-09-14 v5.2n csquotes generic definitions (JAW)
)
Package csquotes Info: Trying to load configuration file 'csquotes.cfg'...
Package csquotes Info: ... configuration file loaded successfully.

(/home/iaggo/.miktex/texmfs/install/tex/latex/csquotes/csquotes.cfg
File: csquotes.cfg 
))
(/home/iaggo/.miktex/texmfs/install/tex/generic/babel/babel.sty
Package: babel 2023/06/26 v3.90 The Babel package
\babel@savecnt=\count306
\U@D=\dimen163
\l@unhyphenated=\language1

(/home/iaggo/.miktex/texmfs/install/tex/generic/babel/txtbabel.def)
\bbl@readstream=\read2
\bbl@dirlevel=\count307

*************************************
* Local config file bblopts.cfg used
*
(/home/iaggo/.miktex/texmfs/install/tex/latex/arabi/bblopts.cfg
File: bblopts.cfg 2005/09/08 v0.1 add Arabic and Farsi to "declared" options of
 babel
)
(/home/iaggo/.miktex/texmfs/install/tex/latex/babel-english/english.ldf
Language: english 2017/06/06 v3.3r English support from the babel system
))
(/home/iaggo/.miktex/texmfs/install/tex/generic/babel/locale/en/babel-english.t
ex
Package babel Info: Importing font and identification data for english
(babel)             from babel-en.ini. Reported on input line 11.
) (/home/iaggo/.miktex/texmfs/install/tex/latex/listings/listings.sty
\lst@mode=\count308
\lst@gtempboxa=\box59
\lst@token=\toks37
\lst@length=\count309
\lst@currlwidth=\dimen164
\lst@column=\count310
\lst@pos=\count311
\lst@lostspace=\dimen165
\lst@width=\dimen166
\lst@newlines=\count312
\lst@lineno=\count313
\lst@maxwidth=\dimen167

(/home/iaggo/.miktex/texmfs/install/tex/latex/listings/lstmisc.sty
File: lstmisc.sty 2023/02/27 1.9 (Carsten Heinz)
\c@lstnumber=\count314
\lst@skipnumbers=\count315
\lst@framebox=\box60
)
(/home/iaggo/.miktex/texmfs/install/tex/latex/listings/listings.cfg
File: listings.cfg 2023/02/27 1.9 listings configuration
))
Package: listings 2023/02/27 1.9 (Carsten Heinz)

(/home/iaggo/.miktex/texmfs/install/tex/latex/url/url.sty
\Urlmuskip=\muskip17
Package: url 2013/09/16  ver 3.4  Verb mode for urls, etc.
)
(/home/iaggo/.miktex/texmfs/install/tex/latex/hyperref/hyperref.sty
Package: hyperref 2023-06-25 v7.01a Hypertext links for LaTeX

(/home/iaggo/.miktex/texmfs/install/tex/generic/pdftexcmds/pdftexcmds.sty
Package: pdftexcmds 2020-06-27 v0.33 Utility functions of pdfTeX for LuaTeX (HO
)

(/home/iaggo/.miktex/texmfs/install/tex/generic/infwarerr/infwarerr.sty
Package: infwarerr 2019/12/03 v1.5 Providing info/warning/error messages (HO)
)
Package pdftexcmds Info: \pdf@primitive is available.
Package pdftexcmds Info: \pdf@ifprimitive is available.
Package pdftexcmds Info: \pdfdraftmode found.
)
(/home/iaggo/.miktex/texmfs/install/tex/generic/kvdefinekeys/kvdefinekeys.sty
Package: kvdefinekeys 2019-12-19 v1.6 Define keys (HO)
)
(/home/iaggo/.miktex/texmfs/install/tex/generic/pdfescape/pdfescape.sty
Package: pdfescape 2019/12/09 v1.15 Implements pdfTeX's escape features (HO)
)
(/home/iaggo/.miktex/texmfs/install/tex/latex/hycolor/hycolor.sty
Package: hycolor 2020-01-27 v1.10 Color options for hyperref/bookmark (HO)
)
(/home/iaggo/.miktex/texmfs/install/tex/latex/letltxmacro/letltxmacro.sty
Package: letltxmacro 2019/12/03 v1.6 Let assignment for LaTeX macros (HO)
)
(/home/iaggo/.miktex/texmfs/install/tex/latex/auxhook/auxhook.sty
Package: auxhook 2019-12-17 v1.6 Hooks for auxiliary files (HO)
)
(/home/iaggo/.miktex/texmfs/install/tex/latex/hyperref/nameref.sty
Package: nameref 2023-06-18 v2.52 Cross-referencing by name of section

(/home/iaggo/.miktex/texmfs/install/tex/latex/refcount/refcount.sty
Package: refcount 2019/12/15 v3.6 Data extraction from label references (HO)
)
(/home/iaggo/.miktex/texmfs/install/tex/generic/gettitlestring/gettitlestring.s
ty
Package: gettitlestring 2019/12/15 v1.6 Cleanup title references (HO)
)
\c@section@level=\count316
)
\@linkdim=\dimen168
\Hy@linkcounter=\count317
\Hy@pagecounter=\count318
 (/home/iaggo/.miktex/texmfs/install/tex/latex/hyperref/pd1enc.def
File: pd1enc.def 2023-06-25 v7.01a Hyperref: PDFDocEncoding definition (HO)
Now handling font encoding PD1 ...
... no UTF-8 mapping file for font encoding PD1
)
(/home/iaggo/.miktex/texmfs/install/tex/generic/intcalc/intcalc.sty
Package: intcalc 2019/12/15 v1.3 Expandable calculations with integers (HO)
)
\Hy@SavedSpaceFactor=\count319

(/home/iaggo/.miktex/texmfs/install/tex/latex/hyperref/puenc.def
File: puenc.def 2023-06-25 v7.01a Hyperref: PDF Unicode definition (HO)
Now handling font encoding PU ...
... no UTF-8 mapping file for font encoding PU
)
Package hyperref Info: Option `colorlinks' set `true' on input line 4050.
Package hyperref Info: Option `bookmarks' set `true' on input line 4050.
Package hyperref Info: Hyper figures OFF on input line 4167.
Package hyperref Info: Link nesting OFF on input line 4172.
Package hyperref Info: Hyper index ON on input line 4175.
Package hyperref Info: Plain pages OFF on input line 4182.
Package hyperref Info: Backreferencing OFF on input line 4187.
Package hyperref Info: Implicit mode ON; LaTeX internals redefined.
Package hyperref Info: Bookmarks ON on input line 4434.
\c@Hy@tempcnt=\count320
LaTeX Info: Redefining \url on input line 4772.
\XeTeXLinkMargin=\dimen169

(/home/iaggo/.miktex/texmfs/install/tex/generic/bitset/bitset.sty
Package: bitset 2019/12/09 v1.3 Handle bit-vector datatype (HO)

(/home/iaggo/.miktex/texmfs/install/tex/generic/bigintcalc/bigintcalc.sty
Package: bigintcalc 2019/12/15 v1.5 Expandable calculations on big integers (HO
)
))
\Fld@menulength=\count321
\Field@Width=\dimen170
\Fld@charsize=\dimen171
Package hyperref Info: Hyper figures OFF on input line 6051.
Package hyperref Info: Link nesting OFF on input line 6056.
Package hyperref Info: Hyper index ON on input line 6059.
Package hyperref Info: backreferencing OFF on input line 6066.
Package hyperref Info: Link coloring ON on input line 6069.
Package hyperref Info: Link coloring with OCG OFF on input line 6076.
Package hyperref Info: PDF/A mode OFF on input line 6081.

(/home/iaggo/.miktex/texmfs/install/tex/latex/base/atbegshi-ltx.sty
Package: atbegshi-ltx 2021/01/10 v1.0c Emulation of the original atbegshi
package with kernel methods
)
\Hy@abspage=\count322
\c@Item=\count323
\c@Hfootnote=\count324
)
Package hyperref Info: Driver (autodetected): hpdftex.

(/home/iaggo/.miktex/texmfs/install/tex/latex/hyperref/hpdftex.def
File: hpdftex.def 2023-06-25 v7.01a Hyperref driver for pdfTeX

(/home/iaggo/.miktex/texmfs/install/tex/latex/base/atveryend-ltx.sty
Package: atveryend-ltx 2020/08/19 v1.0a Emulation of the original atveryend pac
kage
with kernel methods
)
\Fld@listcount=\count325
\c@bookmark@seq@number=\count326

(/home/iaggo/.miktex/texmfs/install/tex/latex/rerunfilecheck/rerunfilecheck.sty
Package: rerunfilecheck 2022-07-10 v1.10 Rerun checks for auxiliary files (HO)

(/home/iaggo/.miktex/texmfs/install/tex/generic/uniquecounter/uniquecounter.sty
Package: uniquecounter 2019/12/15 v1.4 Provide unlimited unique counter (HO)
)
Package uniquecounter Info: New unique counter `rerunfilecheck' on input line 2
85.
)
\Hy@SectionHShift=\skip75
) (/home/iaggo/.miktex/texmfs/install/tex/latex/biblatex/biblatex.sty
Package: biblatex 2023/03/05 v3.19 programmable bibliographies (PK/MW)

(/home/iaggo/.miktex/texmfs/install/tex/latex/logreq/logreq.sty
Package: logreq 2010/08/04 v1.0 xml request logger
\lrq@indent=\count327

(/home/iaggo/.miktex/texmfs/install/tex/latex/logreq/logreq.def
File: logreq.def 2010/08/04 v1.0 logreq spec v1.0
))
\c@tabx@nest=\count328
\c@listtotal=\count329
\c@listcount=\count330
\c@liststart=\count331
\c@liststop=\count332
\c@citecount=\count333
\c@citetotal=\count334
\c@multicitecount=\count335
\c@multicitetotal=\count336
\c@instcount=\count337
\c@maxnames=\count338
\c@minnames=\count339
\c@maxitems=\count340
\c@minitems=\count341
\c@citecounter=\count342
\c@maxcitecounter=\count343
\c@savedcitecounter=\count344
\c@uniquelist=\count345
\c@uniquename=\count346
\c@refsection=\count347
\c@refsegment=\count348
\c@maxextratitle=\count349
\c@maxextratitleyear=\count350
\c@maxextraname=\count351
\c@maxextradate=\count352
\c@maxextraalpha=\count353
\c@abbrvpenalty=\count354
\c@highnamepenalty=\count355
\c@lownamepenalty=\count356
\c@maxparens=\count357
\c@parenlevel=\count358
\blx@tempcnta=\count359
\blx@tempcntb=\count360
\blx@tempcntc=\count361
\c@blx@maxsection=\count362
\blx@maxsegment@0=\count363
\blx@notetype=\count364
\blx@parenlevel@text=\count365
\blx@parenlevel@foot=\count366
\blx@sectionciteorder@0=\count367
\blx@sectionciteorderinternal@0=\count368
\blx@entrysetcounter=\count369
\blx@biblioinstance=\count370
\labelnumberwidth=\skip76
\labelalphawidth=\skip77
\biblabelsep=\skip78
\bibitemsep=\skip79
\bibnamesep=\skip80
\bibinitsep=\skip81
\bibparsep=\skip82
\bibhang=\skip83
\blx@bcfin=\read3
\blx@bcfout=\write3
\blx@langwohyphens=\language2
\c@mincomprange=\count371
\c@maxcomprange=\count372
\c@mincompwidth=\count373
Package biblatex Info: Trying to load biblatex default data model...
Package biblatex Info: ... file 'blx-dm.def' found.

(/home/iaggo/.miktex/texmfs/install/tex/latex/biblatex/blx-dm.def
File: blx-dm.def 2023/03/05 v3.19 biblatex localization (PK/MW)
)
Package biblatex Info: Trying to load biblatex style data model...
Package biblatex Info: ... file 'ieee.dbx' not found.
Package biblatex Info: Trying to load biblatex custom data model...
Package biblatex Info: ... file 'biblatex-dm.cfg' not found.
\c@afterword=\count374
\c@savedafterword=\count375
\c@annotator=\count376
\c@savedannotator=\count377
\c@author=\count378
\c@savedauthor=\count379
\c@bookauthor=\count380
\c@savedbookauthor=\count381
\c@commentator=\count382
\c@savedcommentator=\count383
\c@editor=\count384
\c@savededitor=\count385
\c@editora=\count386
\c@savededitora=\count387
\c@editorb=\count388
\c@savededitorb=\count389
\c@editorc=\count390
\c@savededitorc=\count391
\c@foreword=\count392
\c@savedforeword=\count393
\c@holder=\count394
\c@savedholder=\count395
\c@introduction=\count396
\c@savedintroduction=\count397
\c@namea=\count398
\c@savednamea=\count399
\c@nameb=\count400
\c@savednameb=\count401
\c@namec=\count402
\c@savednamec=\count403
\c@translator=\count404
\c@savedtranslator=\count405
\c@shortauthor=\count406
\c@savedshortauthor=\count407
\c@shorteditor=\count408
\c@savedshorteditor=\count409
\c@labelname=\count410
\c@savedlabelname=\count411
\c@institution=\count412
\c@savedinstitution=\count413
\c@lista=\count414
\c@savedlista=\count415
\c@listb=\count416
\c@savedlistb=\count417
\c@listc=\count418
\c@savedlistc=\count419
\c@listd=\count420
\c@savedlistd=\count421
\c@liste=\count422
\c@savedliste=\count423
\c@listf=\count424
\c@savedlistf=\count425
\c@location=\count426
\c@savedlocation=\count427
\c@organization=\count428
\c@savedorganization=\count429
\c@origlocation=\count430
\c@savedoriglocation=\count431
\c@origpublisher=\count432
\c@savedorigpublisher=\count433
\c@publisher=\count434
\c@savedpublisher=\count435
\c@language=\count436
\c@savedlanguage=\count437
\c@origlanguage=\count438
\c@savedoriglanguage=\count439
\c@pageref=\count440
\c@savedpageref=\count441
\shorthandwidth=\skip84
\shortjournalwidth=\skip85
\shortserieswidth=\skip86
\shorttitlewidth=\skip87
\shortauthorwidth=\skip88
\shorteditorwidth=\skip89
\locallabelnumberwidth=\skip90
\locallabelalphawidth=\skip91
\localshorthandwidth=\skip92
\localshortjournalwidth=\skip93
\localshortserieswidth=\skip94
\localshorttitlewidth=\skip95
\localshortauthorwidth=\skip96
\localshorteditorwidth=\skip97
Package biblatex Info: Trying to load compatibility code...
Package biblatex Info: ... file 'blx-compat.def' found.

(/home/iaggo/.miktex/texmfs/install/tex/latex/biblatex/blx-compat.def
File: blx-compat.def 2023/03/05 v3.19 biblatex compatibility (PK/MW)
)
Package biblatex Info: Trying to load generic definitions...
Package biblatex Info: ... file 'biblatex.def' found.

(/home/iaggo/.miktex/texmfs/install/tex/latex/biblatex/biblatex.def
File: biblatex.def 2023/03/05 v3.19 biblatex compatibility (PK/MW)
\c@textcitecount=\count442
\c@textcitetotal=\count443
\c@textcitemaxnames=\count444
\c@biburlbigbreakpenalty=\count445
\c@biburlbreakpenalty=\count446
\c@biburlnumpenalty=\count447
\c@biburlucpenalty=\count448
\c@biburllcpenalty=\count449
\biburlbigskip=\muskip18
\biburlnumskip=\muskip19
\biburlucskip=\muskip20
\biburllcskip=\muskip21
\c@smartand=\count450
)
Package biblatex Info: Trying to load bibliography style 'ieee'...
Package biblatex Info: ... file 'ieee.bbx' found.

(/home/iaggo/.miktex/texmfs/install/tex/latex/biblatex-ieee/ieee.bbx
File: ieee.bbx 2021/12/06 v1.3f biblatex bibliography style
Package biblatex Info: Trying to load bibliography style 'numeric-comp'...
Package biblatex Info: ... file 'numeric-comp.bbx' found.

(/home/iaggo/.miktex/texmfs/install/tex/latex/biblatex/bbx/numeric-comp.bbx
File: numeric-comp.bbx 2023/03/05 v3.19 biblatex bibliography style (PK/MW)
Package biblatex Info: Trying to load bibliography style 'numeric'...
Package biblatex Info: ... file 'numeric.bbx' found.

(/home/iaggo/.miktex/texmfs/install/tex/latex/biblatex/bbx/numeric.bbx
File: numeric.bbx 2023/03/05 v3.19 biblatex bibliography style (PK/MW)
Package biblatex Info: Trying to load bibliography style 'standard'...
Package biblatex Info: ... file 'standard.bbx' found.

(/home/iaggo/.miktex/texmfs/install/tex/latex/biblatex/bbx/standard.bbx
File: standard.bbx 2023/03/05 v3.19 biblatex bibliography style (PK/MW)
\c@bbx:relatedcount=\count451
\c@bbx:relatedtotal=\count452
))))
Package biblatex Info: Trying to load citation style 'ieee'...
Package biblatex Info: ... file 'ieee.cbx' found.

(/home/iaggo/.miktex/texmfs/install/tex/latex/biblatex-ieee/ieee.cbx
File: ieee.cbx 2021/12/06 v1.3f biblatex citation style
Package biblatex Info: Trying to load citation style 'numeric-comp'...
Package biblatex Info: ... file 'numeric-comp.cbx' found.

(/home/iaggo/.miktex/texmfs/install/tex/latex/biblatex/cbx/numeric-comp.cbx
File: numeric-comp.cbx 2023/03/05 v3.19 biblatex citation style (PK/MW)
\c@cbx@tempcnta=\count453
\c@cbx@tempcntb=\count454
\c@cbx@tempcntc=\count455
\c@cbx@tempcntd=\count456
Package biblatex Info: Redefining '\cite'.
Package biblatex Info: Redefining '\parencite'.
Package biblatex Info: Redefining '\footcite'.
Package biblatex Info: Redefining '\footcitetext'.
Package biblatex Info: Redefining '\smartcite'.
Package biblatex Info: Redefining '\supercite'.
Package biblatex Info: Redefining '\textcite'.
Package biblatex Info: Redefining '\textcites'.
Package biblatex Info: Redefining '\cites'.
Package biblatex Info: Redefining '\parencites'.
Package biblatex Info: Redefining '\smartcites'.
)
Package biblatex Info: Redefining '\cite'.
Package biblatex Info: Redefining '\supercite'.
Package biblatex Info: Redefining '\cites'.
)
Package biblatex Info: Trying to load configuration file...
Package biblatex Info: ... file 'biblatex.cfg' found.

(/home/iaggo/.miktex/texmfs/install/tex/latex/biblatex/biblatex.cfg
File: biblatex.cfg 
)
Package biblatex Info: Input encoding 'utf8' detected.
Package biblatex Info: Document encoding is UTF8 ....

(/home/iaggo/.miktex/texmfs/install/tex/latex/l3kernel/expl3.sty
Package: expl3 2023-06-30 L3 programming layer (loader) 

(/home/iaggo/.miktex/texmfs/install/tex/latex/l3backend/l3backend-pdftex.def
File: l3backend-pdftex.def 2023-04-19 L3 backend support: PDF output (pdfTeX)
\l__color_backend_stack_int=\count457
\l__pdf_internal_box=\box61
))
Package biblatex Info: ... and expl3
(biblatex)             2023-06-30 L3 programming layer (loader) 
(biblatex)             is new enough (at least 2020/04/06),
(biblatex)             setting 'casechanger=expl3'.

(/home/iaggo/.miktex/texmfs/install/tex/latex/biblatex/blx-case-expl3.sty
(/home/iaggo/.miktex/texmfs/install/tex/latex/l3packages/xparse/xparse.sty
Package: xparse 2023-02-02 L3 Experimental document command parser
)
Package: blx-case-expl3 2023/03/05 v3.19 expl3 case changing code for biblatex
))
(/home/iaggo/.miktex/texmfs/install/tex/latex/pgf/utilities/pgffor.sty
(/home/iaggo/.miktex/texmfs/install/tex/latex/pgf/utilities/pgfrcs.sty
(/home/iaggo/.miktex/texmfs/install/tex/generic/pgf/utilities/pgfutil-common.te
x
\pgfutil@everybye=\toks38
\pgfutil@tempdima=\dimen172
\pgfutil@tempdimb=\dimen173
)
(/home/iaggo/.miktex/texmfs/install/tex/generic/pgf/utilities/pgfutil-latex.def
\pgfutil@abb=\box62
) (/home/iaggo/.miktex/texmfs/install/tex/generic/pgf/utilities/pgfrcs.code.tex
(/home/iaggo/.miktex/texmfs/install/tex/generic/pgf/pgf.revision.tex)
Package: pgfrcs 2023-01-15 v3.1.10 (3.1.10)
))
(/home/iaggo/.miktex/texmfs/install/tex/latex/pgf/utilities/pgfkeys.sty
(/home/iaggo/.miktex/texmfs/install/tex/generic/pgf/utilities/pgfkeys.code.tex
\pgfkeys@pathtoks=\toks39
\pgfkeys@temptoks=\toks40

(/home/iaggo/.miktex/texmfs/install/tex/generic/pgf/utilities/pgfkeyslibraryfil
tered.code.tex
\pgfkeys@tmptoks=\toks41
)))
(/home/iaggo/.miktex/texmfs/install/tex/latex/pgf/math/pgfmath.sty
(/home/iaggo/.miktex/texmfs/install/tex/generic/pgf/math/pgfmath.code.tex
(/home/iaggo/.miktex/texmfs/install/tex/generic/pgf/math/pgfmathutil.code.tex
\pgf@x=\dimen174
\pgf@xa=\dimen175
\pgf@xb=\dimen176
\pgf@xc=\dimen177
\pgf@y=\dimen178
\pgf@ya=\dimen179
\pgf@yb=\dimen180
\pgf@yc=\dimen181
\c@pgf@counta=\count458
\c@pgf@countb=\count459
\c@pgf@countc=\count460
\c@pgf@countd=\count461
)
(/home/iaggo/.miktex/texmfs/install/tex/generic/pgf/math/pgfmathparser.code.tex
\pgfmath@dimen=\dimen182
\pgfmath@count=\count462
\pgfmath@box=\box63
\pgfmath@toks=\toks42
\pgfmath@stack@operand=\toks43
\pgfmath@stack@operation=\toks44
)
(/home/iaggo/.miktex/texmfs/install/tex/generic/pgf/math/pgfmathfunctions.code.
tex)
(/home/iaggo/.miktex/texmfs/install/tex/generic/pgf/math/pgfmathfunctions.basic
.code.tex)
(/home/iaggo/.miktex/texmfs/install/tex/generic/pgf/math/pgfmathfunctions.trigo
nometric.code.tex)
(/home/iaggo/.miktex/texmfs/install/tex/generic/pgf/math/pgfmathfunctions.rando
m.code.tex)
(/home/iaggo/.miktex/texmfs/install/tex/generic/pgf/math/pgfmathfunctions.compa
rison.code.tex)
(/home/iaggo/.miktex/texmfs/install/tex/generic/pgf/math/pgfmathfunctions.base.
code.tex)
(/home/iaggo/.miktex/texmfs/install/tex/generic/pgf/math/pgfmathfunctions.round
.code.tex)
(/home/iaggo/.miktex/texmfs/install/tex/generic/pgf/math/pgfmathfunctions.misc.
code.tex)
(/home/iaggo/.miktex/texmfs/install/tex/generic/pgf/math/pgfmathfunctions.integ
erarithmetics.code.tex)
(/home/iaggo/.miktex/texmfs/install/tex/generic/pgf/math/pgfmathcalc.code.tex)
(/home/iaggo/.miktex/texmfs/install/tex/generic/pgf/math/pgfmathfloat.code.tex
\c@pgfmathroundto@lastzeros=\count463
)))
(/home/iaggo/.miktex/texmfs/install/tex/generic/pgf/utilities/pgffor.code.tex
Package: pgffor 2023-01-15 v3.1.10 (3.1.10)
\pgffor@iter=\dimen183
\pgffor@skip=\dimen184
\pgffor@stack=\toks45
\pgffor@toks=\toks46
)) (/home/iaggo/.miktex/texmfs/install/tex/latex/lipsum/lipsum.sty
(/home/iaggo/.miktex/texmfs/install/tex/latex/l3packages/l3keys2e/l3keys2e.sty
Package: l3keys2e 2023-02-02 LaTeX2e option processing using LaTeX3 keys
)
Package: lipsum 2021-09-20 v2.7 150 paragraphs of Lorem Ipsum dummy text
\g__lipsum_par_int=\count464
\l__lipsum_a_int=\count465
\l__lipsum_b_int=\count466
(/home/iaggo/.miktex/texmfs/install/tex/latex/lipsum/lipsum.ltd.tex))
(/home/iaggo/.miktex/texmfs/install/tex/latex/tabulary/tabulary.sty
Package: tabulary 2014/06/11 v0.10 tabulary package (DPC)

(/home/iaggo/.miktex/texmfs/install/tex/latex/tools/array.sty
Package: array 2022/09/04 v2.5g Tabular extension package (FMi)
\col@sep=\dimen185
\ar@mcellbox=\box64
\extrarowheight=\dimen186
\NC@list=\toks47
\extratabsurround=\skip98
\backup@length=\skip99
\ar@cellbox=\box65
)
\TY@count=\count467
\TY@linewidth=\dimen187
\tymin=\dimen188
\tymax=\dimen189
\TY@tablewidth=\dimen190
)
(/home/iaggo/.miktex/texmfs/install/tex/latex/booktabs/booktabs.sty
Package: booktabs 2020/01/12 v1.61803398 Publication quality tables
\heavyrulewidth=\dimen191
\lightrulewidth=\dimen192
\cmidrulewidth=\dimen193
\belowrulesep=\dimen194
\belowbottomsep=\dimen195
\aboverulesep=\dimen196
\abovetopsep=\dimen197
\cmidrulesep=\dimen198
\cmidrulekern=\dimen199
\defaultaddspace=\dimen256
\@cmidla=\count468
\@cmidlb=\count469
\@aboverulesep=\dimen257
\@belowrulesep=\dimen258
\@thisruleclass=\count470
\@lastruleclass=\count471
\@thisrulewidth=\dimen259
)
(/home/iaggo/.miktex/texmfs/install/tex/latex/tools/layout.sty
Package: layout 2021-03-10 v1.2e Show layout parameters
\oneinch=\count472
\cnt@paperwidth=\count473
\cnt@paperheight=\count474
\cnt@hoffset=\count475
\cnt@voffset=\count476
\cnt@textheight=\count477
\cnt@textwidth=\count478
\cnt@topmargin=\count479
\cnt@oddsidemargin=\count480
\cnt@evensidemargin=\count481
\cnt@headheight=\count482
\cnt@headsep=\count483
\cnt@marginparsep=\count484
\cnt@marginparwidth=\count485
\cnt@marginparpush=\count486
\cnt@footskip=\count487
\fheight=\count488
\ref@top=\count489
\ref@hoffset=\count490
\ref@voffset=\count491
\ref@head=\count492
\ref@body=\count493
\ref@foot=\count494
\ref@margin=\count495
\ref@marginwidth=\count496
\ref@marginpar=\count497
\Interval=\count498
\ExtraYPos=\count499
\PositionX=\count500
\PositionY=\count501
\ArrowLength=\count502
)
(/home/iaggo/.miktex/texmfs/install/tex/latex/xcolor/xcolor.sty
Package: xcolor 2022/06/12 v2.14 LaTeX color extensions (UK)

(/home/iaggo/.miktex/texmfs/install/tex/latex/graphics-cfg/color.cfg
File: color.cfg 2016/01/02 v1.6 sample color configuration
)
Package xcolor Info: Driver file: pdftex.def on input line 227.

(/home/iaggo/.miktex/texmfs/install/tex/latex/colortbl/colortbl.sty
Package: colortbl 2022/06/20 v1.0f Color table columns (DPC)
\everycr=\toks48
\minrowclearance=\skip100
\rownum=\count503
)
(/home/iaggo/.miktex/texmfs/install/tex/latex/graphics/mathcolor.ltx)
Package xcolor Info: Model `cmy' substituted by `cmy0' on input line 1353.
Package xcolor Info: Model `hsb' substituted by `rgb' on input line 1357.
Package xcolor Info: Model `RGB' extended on input line 1369.
Package xcolor Info: Model `HTML' substituted by `rgb' on input line 1371.
Package xcolor Info: Model `Hsb' substituted by `hsb' on input line 1372.
Package xcolor Info: Model `tHsb' substituted by `hsb' on input line 1373.
Package xcolor Info: Model `HSB' substituted by `hsb' on input line 1374.
Package xcolor Info: Model `Gray' substituted by `gray' on input line 1375.
Package xcolor Info: Model `wave' substituted by `hsb' on input line 1376.
)
(/home/iaggo/.miktex/texmfs/install/tex/latex/caption/subcaption.sty
Package: subcaption 2023/02/19 v1.6 Sub-captions (AR)

(/home/iaggo/.miktex/texmfs/install/tex/latex/caption/caption.sty
Package: caption 2023/03/12 v3.6j Customizing captions (AR)

(/home/iaggo/.miktex/texmfs/install/tex/latex/caption/caption3.sty
Package: caption3 2023/03/12 v2.4 caption3 kernel (AR)
\caption@tempdima=\dimen260
\captionmargin=\dimen261
\caption@leftmargin=\dimen262
\caption@rightmargin=\dimen263
\caption@width=\dimen264
\caption@indent=\dimen265
\caption@parindent=\dimen266
\caption@hangindent=\dimen267
Package caption Info: Standard document class detected.
)
\c@caption@flags=\count504
\c@continuedfloat=\count505
Package caption Info: hyperref package is loaded.
Package caption Info: listings package is loaded.
Package caption Info: longtable package is loaded.

(/home/iaggo/.miktex/texmfs/install/tex/latex/caption/ltcaption.sty
Package: ltcaption 2021/01/08 v1.4c longtable captions (AR)
)
Package caption Info: supertabular package is loaded.
)
Package caption Info: New subtype `subfigure' on input line 239.
\c@subfigure=\count506
Package caption Info: New subtype `subtable' on input line 239.
\c@subtable=\count507
)
(/home/iaggo/.miktex/texmfs/install/tex/latex/multirow/multirow.sty
Package: multirow 2021/03/15 v2.8 Span multiple rows of a table
\multirow@colwidth=\skip101
\multirow@cntb=\count508
\multirow@dima=\skip102
\bigstrutjot=\dimen268
)
(/home/iaggo/.miktex/texmfs/install/tex/generic/soul/soul.sty
Package: soul 2023-06-14 v3.1 Permit use of UTF-8 characters in soul (HO)

(/home/iaggo/.miktex/texmfs/install/tex/generic/soul/soul-ori.sty
Package: soul-ori 2023-06-14 v3.1 letterspacing/underlining (mf)
\SOUL@word=\toks49
\SOUL@lasttoken=\toks50
\SOUL@syllable=\toks51
\SOUL@cmds=\toks52
\SOUL@buffer=\toks53
\SOUL@token=\toks54
\SOUL@syllgoal=\dimen269
\SOUL@syllwidth=\dimen270
\SOUL@charkern=\dimen271
\SOUL@hyphkern=\dimen272
\SOUL@dimen=\dimen273
\SOUL@dimeni=\dimen274
\SOUL@minus=\count509
\SOUL@comma=\count510
\SOUL@apo=\count511
\SOUL@grave=\count512
\SOUL@spaceskip=\skip103
\SOUL@ttwidth=\dimen275
\SOUL@uldp=\dimen276
\SOUL@ulht=\dimen277
)
(/home/iaggo/.miktex/texmfs/install/tex/generic/etexcmds/etexcmds.sty
Package: etexcmds 2019/12/15 v1.7 Avoid name clashes with e-TeX commands (HO)
))
(/home/iaggo/.miktex/texmfs/install/tex/latex/eurosym/eurosym.sty
Package: eurosym 1998/08/06 v1.1 European currency symbol ``Euro''
\@eurobox=\box66
)
(/home/iaggo/.miktex/texmfs/install/tex/latex/amsfonts/amsfonts.sty
Package: amsfonts 2013/01/14 v3.01 Basic AMSFonts support
\symAMSa=\mathgroup4
\symAMSb=\mathgroup5
LaTeX Font Info:    Redeclaring math symbol \hbar on input line 98.
LaTeX Font Info:    Overwriting math alphabet `\mathfrak' in version `bold'
(Font)                  U/euf/m/n --> U/euf/b/n on input line 106.
)
(/home/iaggo/.miktex/texmfs/install/tex/latex/float/float.sty
Package: float 2001/11/08 v1.3d Float enhancements (AL)
\c@float@type=\count513
\float@exts=\toks55
\float@box=\box67
\@float@everytoks=\toks56
\@floatcapt=\box68
)
(/home/iaggo/.miktex/texmfs/install/tex/latex/minted/minted.sty
Package: minted 2022/12/12 v2.7 Yet another Pygments shim for LaTeX

(/home/iaggo/.miktex/texmfs/install/tex/latex/fvextra/fvextra.sty
Package: fvextra 2022/11/30 v1.5 fvextra - extensions and patches for fancyvrb

(/home/iaggo/.miktex/texmfs/install/tex/latex/fancyvrb/fancyvrb.sty
Package: fancyvrb 2023/01/19 4.5a verbatim text (tvz,hv)
\FV@CodeLineNo=\count514
\FV@InFile=\read4
\FV@TabBox=\box69
\c@FancyVerbLine=\count515
\FV@StepNumber=\count516
\FV@OutFile=\write4
)
(/home/iaggo/.miktex/texmfs/install/tex/latex/upquote/upquote.sty
Package: upquote 2012/04/19 v1.3 upright-quote and grave-accent glyphs in verba
tim

(/home/iaggo/.miktex/texmfs/install/tex/latex/base/textcomp.sty
Package: textcomp 2020/02/02 v2.0n Standard LaTeX package
))
(/home/iaggo/.miktex/texmfs/install/tex/latex/lineno/lineno.sty
Package: lineno 2023/05/20 line numbers on paragraphs v5.3
\linenopenalty=\count517
\output=\toks57
\linenoprevgraf=\count518
\linenumbersep=\dimen278
\linenumberwidth=\dimen279
\c@linenumber=\count519
\c@pagewiselinenumber=\count520
\c@LN@truepage=\count521
\c@internallinenumber=\count522
\c@internallinenumbers=\count523
\quotelinenumbersep=\dimen280
\bframerule=\dimen281
\bframesep=\dimen282
\bframebox=\box70
\linenoamsmath@ams@eqpen=\count524


LaTeX Warning: Command \@parboxrestore  has changed.
               Check if current package is valid.

LaTeX Info: Redefining \\ on input line 3180.
)

Package fvextra Warning: csquotes should be loaded after fvextra, to avoid a wa
rning from the lineno package on input line 36.

\c@FV@TrueTabGroupLevel=\count525
\c@FV@TrueTabCounter=\count526
\FV@TabBox@Group=\box71
\FV@TmpLength=\skip104
\c@FV@HighlightLinesStart=\count527
\c@FV@HighlightLinesStop=\count528
\FV@LoopCount=\count529
\FV@NCharsBox=\box72
\FV@BreakIndent=\dimen283
\FV@BreakIndentNChars=\count530
\FV@BreakSymbolSepLeft=\dimen284
\FV@BreakSymbolSepLeftNChars=\count531
\FV@BreakSymbolSepRight=\dimen285
\FV@BreakSymbolSepRightNChars=\count532
\FV@BreakSymbolIndentLeft=\dimen286
\FV@BreakSymbolIndentLeftNChars=\count533
\FV@BreakSymbolIndentRight=\dimen287
\FV@BreakSymbolIndentRightNChars=\count534
\c@FancyVerbLineBreakLast=\count535
\FV@LineBox=\box73
\FV@LineIndentBox=\box74
\c@FV@BreakBufferDepth=\count536
\FV@LineWidth=\dimen288
) (/home/iaggo/.miktex/texmfs/install/tex/latex/tools/calc.sty
Package: calc 2017/05/25 v4.3 Infix arithmetic (KKT,FJ)
\calc@Acount=\count537
\calc@Bcount=\count538
\calc@Adimen=\dimen289
\calc@Bdimen=\dimen290
\calc@Askip=\skip105
\calc@Bskip=\skip106
LaTeX Info: Redefining \setlength on input line 80.
LaTeX Info: Redefining \addtolength on input line 81.
\calc@Ccount=\count539
\calc@Cskip=\skip107
)
(/home/iaggo/.miktex/texmfs/install/tex/latex/tools/shellesc.sty
Package: shellesc 2023/04/15 v1.0d unified shell escape interface for LaTeX
Package shellesc Info: Restricted shell escape enabled on input line 77.
)
(/home/iaggo/.miktex/texmfs/install/tex/latex/ifplatform/ifplatform.sty
Package: ifplatform 2017/10/13 v0.4a Testing for the operating system

(/home/iaggo/.miktex/texmfs/install/tex/generic/catchfile/catchfile.sty
Package: catchfile 2019/12/09 v1.8 Catch the contents of a file (HO)
)
(/home/iaggo/.miktex/texmfs/install/tex/generic/iftex/ifluatex.sty
Package: ifluatex 2019/10/25 v1.5 ifluatex legacy package. Use iftex instead.
)

Package ifplatform Warning: 
    shell escape is disabled, so I can only detect \ifwindows.

) (/home/iaggo/.miktex/texmfs/install/tex/latex/xstring/xstring.sty
(/home/iaggo/.miktex/texmfs/install/tex/generic/xstring/xstring.tex
\integerpart=\count540
\decimalpart=\count541
)
Package: xstring 2023/01/14 v1.85 String manipulations (CT)
)
(/home/iaggo/.miktex/texmfs/install/tex/latex/framed/framed.sty
Package: framed 2011/10/22 v 0.96: framed or shaded text with page breaks
\OuterFrameSep=\skip108
\fb@frw=\dimen291
\fb@frh=\dimen292
\FrameRule=\dimen293
\FrameSep=\dimen294
)
\minted@appexistsfile=\read5
\minted@bgbox=\box75
\minted@code=\write5
\c@minted@FancyVerbLineTemp=\count542
\c@minted@pygmentizecounter=\count543
\@float@every@listing=\toks58
\c@listing=\count544
)
runsystem(mkdir -p /home/iaggo/anaconda3/bin/pygmentize//_minted-relatorio)...d
isabled (restricted).



! Package minted Error: You must invoke LaTeX with the -shell-escape flag.

See the minted package documentation for explanation.
Type  H <return>  for immediate help.
 ...                                              
                                                  
l.56 
     
Pass the -shell-escape flag to LaTeX. Refer to the minted.sty documentation for
 more information.

(/home/iaggo/.miktex/texmfs/install/tex/latex/appendix/appendix.sty
Package: appendix 2020/02/08 v1.2c extra appendix facilities
\c@@pps=\count545
\c@@ppsavesec=\count546
\c@@ppsaveapp=\count547
)
   defining Unicode char U+0301 (decimal 769)
\glswrite=\write6
\glo@main@file=\write7
\openout7 = `relatorio.glo'.

Package glossaries Info: Writing glossary file relatorio.glo on input line 270.


(acronym.tex) (glossary.tex)
(/home/iaggo/.miktex/texmfs/install/tex/latex/tools/verbatim.sty
Package: verbatim 2022-07-02 v1.5u LaTeX2e package for verbatim enhancements
\every@verbatim=\toks59
\verbatim@line=\toks60
\verbatim@in@stream=\read6
)
Package csquotes Info: Checking for multilingual support...
Package csquotes Info: ... found 'babel' package.
Package csquotes Info: Adjusting default style.
Package csquotes Info: Redefining alias 'default' -> 'english'.
runsystem(which pygmentize && touch relatorio.aex)...disabled (restricted).



! Package minted Error: You must have `pygmentize' installed to use this packag
e.

See the minted package documentation for explanation.
Type  H <return>  for immediate help.
 ...                                              
                                                  
l.280 \begin{document}
                      
Refer to the installation instructions in the minted documentation for more inf
ormation.

(relatorio.aux

LaTeX Warning: Label `fig: jetson' multiply defined.

)
\openout1 = `relatorio.aux'.

LaTeX Font Info:    Checking defaults for OML/cmm/m/it on input line 280.
LaTeX Font Info:    ... okay on input line 280.
LaTeX Font Info:    Checking defaults for OMS/cmsy/m/n on input line 280.
LaTeX Font Info:    ... okay on input line 280.
LaTeX Font Info:    Checking defaults for OT1/cmr/m/n on input line 280.
LaTeX Font Info:    ... okay on input line 280.
LaTeX Font Info:    Checking defaults for T1/cmr/m/n on input line 280.
LaTeX Font Info:    ... okay on input line 280.
LaTeX Font Info:    Checking defaults for TS1/cmr/m/n on input line 280.
LaTeX Font Info:    ... okay on input line 280.
LaTeX Font Info:    Checking defaults for OMX/cmex/m/n on input line 280.
LaTeX Font Info:    ... okay on input line 280.
LaTeX Font Info:    Checking defaults for U/cmr/m/n on input line 280.
LaTeX Font Info:    ... okay on input line 280.
LaTeX Font Info:    Checking defaults for PD1/pdf/m/n on input line 280.
LaTeX Font Info:    ... okay on input line 280.
LaTeX Font Info:    Checking defaults for PU/pdf/m/n on input line 280.
LaTeX Font Info:    ... okay on input line 280.
 (/home/iaggo/.miktex/texmfs/install/tex/context/base/mkii/supp-pdf.mkii
[Loading MPS to PDF converter (version 2006.09.02).]
\scratchcounter=\count548
\scratchdimen=\dimen295
\scratchbox=\box76
\nofMPsegments=\count549
\nofMParguments=\count550
\everyMPshowfont=\toks61
\MPscratchCnt=\count551
\MPscratchDim=\dimen296
\MPnumerator=\count552
\makeMPintoPDFobject=\count553
\everyMPtoPDFconversion=\toks62
) (/home/iaggo/.miktex/texmfs/install/tex/latex/epstopdf-pkg/epstopdf-base.sty
Package: epstopdf-base 2020-01-24 v2.11 Base part for package epstopdf
Package epstopdf-base Info: Redefining graphics rule for `.eps' on input line 4
85.

(/home/iaggo/.miktex/texmfs/install/tex/latex/00miktex/epstopdf-sys.cfg
File: epstopdf-sys.cfg 2021/03/18 v2.0 Configuration of epstopdf for MiKTeX
))
\c@lstlisting=\count554
Package hyperref Info: Link coloring ON on input line 280.

(relatorio.out) (relatorio.out)
\@outlinefile=\write8
\openout8 = `relatorio.out'.

Package biblatex Info: Trying to load language 'english'...
Package biblatex Info: ... file 'english.lbx' found.

(/home/iaggo/.miktex/texmfs/install/tex/latex/biblatex/lbx/english.lbx
File: english.lbx 2023/03/05 v3.19 biblatex localization (PK/MW)
)
Package biblatex Info: Input encoding 'utf8' detected.
Package biblatex Info: Automatic encoding selection.
(biblatex)             Assuming data encoding 'utf8'.
\openout3 = `relatorio.bcf'.

Package biblatex Info: Trying to load bibliographic data...
Package biblatex Info: ... file 'relatorio.bbl' found.

(relatorio.bbl)
Package biblatex Info: Reference section=0 on input line 280.
Package biblatex Info: Reference segment=0 on input line 280.
Package caption Info: Begin \AtBeginDocument code.
Package caption Info: float package is loaded.
Package caption Info: End \AtBeginDocument code.
<etc/logoh.png, id=87, 688.7331pt x 210.7875pt>
File: etc/logoh.png Graphic file (type png)
<use etc/logoh.png>
Package pdftex.def Info: etc/logoh.png  used on input line 284.
(pdftex.def)             Requested size: 273.14922pt x 83.59625pt.
 [1

\openout6 = `relatorio.ist'.

{/home/iaggo/.miktex/texmfs/data/fonts/map/pdftex/pdftex.map} <./etc/logoh.png>
] [2

]
File: etc/logoh.png Graphic file (type png)
<use etc/logoh.png>
Package pdftex.def Info: etc/logoh.png  used on input line 284.
(pdftex.def)             Requested size: 273.14922pt x 83.59625pt.
 [3] [4

] (chapters/dedicatoria.tex) [5

]
(chapters/agradecimento.tex
Overfull \hbox (18.67453pt too wide) in paragraph at lines 15--16
\T1/cmr/m/n/12 my gratitude for offering me a free and quality education with e
xcellent teachers. Furthermore,
 []


Underfull \vbox (badness 10000) has occurred while \output is active []

 [6

])
[7] (chapters/abstract.tex
Overfull \hbox (7.31898pt too wide) in paragraph at lines 4--5
\T1/cmr/m/n/12 management. For the development of this software architecture, a
n approach that integrates
 []


Overfull \hbox (16.79465pt too wide) in paragraph at lines 4--5
\T1/cmr/m/n/12 identification system employs image processing techniques to ext
ract geometric characteristics
 []

) [8

] (chapters/resumo.tex
Overfull \hbox (17.36922pt too wide) in paragraph at lines 4--5
\T1/cmr/m/n/12 sobras de material, objetivando uma gestão de resíduos mais efic
iente. Para o desenvolvimento
 []


Overfull \hbox (20.14122pt too wide) in paragraph at lines 4--5
\T1/cmr/m/n/12 especializada em sistemas para a Internet das Coisas (IoT), com 
uma Interface de Programação
 []


Overfull \hbox (9.24112pt too wide) in paragraph at lines 4--5
\T1/cmr/m/n/12 de Aplicações (API) criada especificamente para gerenciar inform
ações de usuários, projetos,
 []


Overfull \hbox (6.35284pt too wide) in paragraph at lines 4--5
\T1/cmr/m/n/12 técnicas de processamento de imagem para extrair características
 geométricas dos materiais.
 []

) [9

] [10] (relatorio.toc)
\tf@toc=\write9
\openout9 = `relatorio.toc'.

 [11


] (relatorio.lot)
\tf@lot=\write10
\openout10 = `relatorio.lot'.

 [12

] (relatorio.lof)
\tf@lof=\write11
\openout11 = `relatorio.lof'.


No file relatorio.gls.
[13

] [14

] (chapters/cap01.tex
Chapter 1.

Overfull \hbox (21.61815pt too wide) in paragraph at lines 5--6
[]\T1/cmr/m/n/12 In this company, despite significant advancements in modern ma
chinery, the operational
 []


Overfull \hbox (13.9886pt too wide) in paragraph at lines 5--6
\T1/cmr/m/n/12 tracking operations are performed using paper-based methods and 
other outdated techniques,
 []


Overfull \hbox (0.83444pt too wide) in paragraph at lines 7--8
[]\T1/cmr/m/n/12 Furthermore, the wood furniture manufacturing industry faces a
 recurring challenge
 []


Underfull \vbox (badness 10000) has occurred while \output is active []

 [1


]

LaTeX Warning: Citation 'JewapatarakulDigitalTransformation' on page 2 undefine
d on input line 9.


LaTeX Warning: Citation 'DingEffectsofIoT' on page 2 undefined on input line 9.



LaTeX Warning: Citation 'GUNTHER2017191' on page 2 undefined on input line 9.


LaTeX Warning: Citation 'HerreroMeasuringTheEffectivenessOfIndustrialProcesses'
 on page 2 undefined on input line 9.


LaTeX Warning: Citation 'Grabowska+2020+90+96' on page 2 undefined on input lin
e 9.


Overfull \hbox (12.09004pt too wide) in paragraph at lines 9--10
[]\T1/cmr/m/n/12 Indeed, in the contemporary business scenario, there is a rele
ntless effort by companies
 []


Overfull \hbox (138.41504pt too wide) in paragraph at lines 9--10
\T1/cmr/m/n/12 to optimize their production processes through the use of new te
chnologies [],
 []


Overfull \hbox (10.89839pt too wide) in paragraph at lines 9--10
[]\T1/cmr/m/n/12 , []. The declining competitiveness of the industrial
 []


Overfull \hbox (112.08511pt too wide) in paragraph at lines 9--10
\T1/cmr/m/n/12 telecommunication networks between devices [].
 []


Overfull \hbox (2.68443pt too wide) in paragraph at lines 9--10
\T1/cmr/m/n/12 This new approach to industrialization, encouraged by the Europe
an Union (EU) countries,
 []


Overfull \hbox (137.44858pt too wide) in paragraph at lines 9--10
\T1/cmr/m/n/12 value and information can be added to the production chain, incr
easing competitiveness[]. 
 []


LaTeX Warning: Citation 'economies6030046' on page 2 undefined on input line 11
.


LaTeX Warning: Citation 'SeungSME' on page 2 undefined on input line 11.


LaTeX Warning: Citation 'Grabowska+2020+90+96' on page 2 undefined on input lin
e 13.

LaTeX Font Info:    Trying to load font information for U+msa on input line 13.

(/home/iaggo/.miktex/texmfs/install/tex/latex/amsfonts/umsa.fd
File: umsa.fd 2013/01/14 v3.01 AMS symbols A
)
LaTeX Font Info:    Trying to load font information for U+msb on input line 13.


(/home/iaggo/.miktex/texmfs/install/tex/latex/amsfonts/umsb.fd
File: umsb.fd 2013/01/14 v3.01 AMS symbols B
)

LaTeX Warning: Citation 'Sisinni8401919' on page 2 undefined on input line 13.


LaTeX Warning: Citation 'GARG2022286' on page 2 undefined on input line 13.


LaTeX Warning: Citation 'KhanIoT' on page 2 undefined on input line 16.


LaTeX Warning: Citation 'SeungSME' on page 2 undefined on input line 16.


LaTeX Warning: Citation 'Grabowska+2020+90+96' on page 2 undefined on input lin
e 16.

[2]

LaTeX Warning: Citation 'economies6030046' on page 3 undefined on input line 22
.


Overfull \hbox (11.57356pt too wide) in paragraph at lines 22--23
\T1/cmr/m/n/12 value chain, encompassing critical aspects like design, producti
on, distribution, and customer
 []


Underfull \vbox (badness 10000) has occurred while \output is active []

 [3]
Overfull \hbox (0.83014pt too wide) in paragraph at lines 26--27
[]\T1/cmr/m/n/12 The issue of digitization in small and medium-sized enterprise
s (SMEs), particularly
 []


Overfull \hbox (6.47052pt too wide) in paragraph at lines 26--27
\T1/cmr/m/n/12 and the European regional development fund. This project brings 
together various partners,
 []


Overfull \hbox (1.32764pt too wide) in paragraph at lines 28--29
\T1/cmr/m/n/12 methods, the project aims to minimize process losses within the 
furniture industry, aligning
 []


LaTeX Warning: Citation 'ghobakhloo2021industry' on page 4 undefined on input l
ine 32.


Overfull \hbox (3.706pt too wide) in paragraph at lines 32--33
[]\T1/cmr/m/n/12 By addressing this gap, this study has the potential to contri
bute to the development
 []


Overfull \hbox (64.73164pt too wide) in paragraph at lines 32--33
\T1/cmr/m/n/12 market, where companies must continuously seek innovations to st
and out []. 
 []


Underfull \vbox (badness 10000) has occurred while \output is active []

 [4]
[5]
Overfull \hbox (4.40195pt too wide) in paragraph at lines 53--54
\T1/cmr/m/n/12 materials database, allowing a complete and up-to-date view of t
he resources available
 []

) [6] (chapters/cap02.tex
Chapter 2.

Overfull \hbox (10.55998pt too wide) in paragraph at lines 7--8
\T1/cmr/m/n/12 Digital Twin with contemporary industries is scrutinized, emphas
izing how this technological
 []


Underfull \vbox (badness 10000) has occurred while \output is active []

 [7


]

LaTeX Warning: Citation 'Grabowska+2020+90+96' on page 8 undefined on input lin
e 19.


Overfull \hbox (3.16455pt too wide) in paragraph at lines 19--20
[]\T1/cmr/m/n/12 German experts have formed the concept of Industry 4.0 to prom
ote a new industrial
 []


LaTeX Warning: Citation 'Grabowska+2020+90+96' on page 8 undefined on input lin
e 21.


LaTeX Warning: Citation 'HerreroMeasuringTheEffectivenessOfIndustrialProcesses'
 on page 8 undefined on input line 21.


Overfull \hbox (3.21535pt too wide) in paragraph at lines 21--22
\T1/cmr/m/n/12 devices []. For this reason,
 []


LaTeX Warning: Citation 'Grabowska+2020+90+96' on page 8 undefined on input lin
e 23.


LaTeX Warning: Citation 'PeresIASmartFactory' on page 8 undefined on input line
 23.


LaTeX Warning: Citation 'KUMAR2022121284' on page 8 undefined on input line 23.


[8]

LaTeX Warning: Citation 'economies6030046' on page 9 undefined on input line 25
.


Overfull \hbox (2.49648pt too wide) in paragraph at lines 27--28
[]\T1/cmr/m/n/12 Another important key point that this technology bring to the 
table is the possibility
 []


LaTeX Warning: Citation 'Gilchrist2016' on page 9 undefined on input line 29.


LaTeX Warning: Citation 'Gilchrist2016' on page 9 undefined on input line 29.


LaTeX Warning: Citation 'Gilchrist2016' on page 9 undefined on input line 31.


Overfull \hbox (9.28789pt too wide) in paragraph at lines 31--32
[]\T1/cmr/m/n/12 The industry 4.0 present a greater flexibility among its proce
sses due to the possibility
 []


Overfull \hbox (17.11688pt too wide) in paragraph at lines 31--32
\T1/cmr/m/n/12 manufacturing processes, besides the use of a software system co
mmonly called []Manufacturing
 []


Underfull \vbox (badness 10000) has occurred while \output is active []

 [9]
<images/Related/ERP.png, id=208, 1287.81125pt x 771.88374pt>
File: images/Related/ERP.png Graphic file (type png)
<use images/Related/ERP.png>
Package pdftex.def Info: images/Related/ERP.png  used on input line 35.
(pdftex.def)             Requested size: 257.5577pt x 154.37401pt.


LaTeX Warning: Citation 'Gilchrist2016' on page 10 undefined on input line 36.


LaTeX Warning: Citation 'Gilchrist2016' on page 10 undefined on input line 36.


LaTeX Warning: Citation 'Gilchrist2016' on page 10 undefined on input line 42.

<images/Related/SERP.png, id=210, 1034.86626pt x 809.0225pt>
File: images/Related/SERP.png Graphic file (type png)
<use images/Related/SERP.png>
Package pdftex.def Info: images/Related/SERP.png  used on input line 46.
(pdftex.def)             Requested size: 206.96957pt x 161.80164pt.

LaTeX Warning: Citation 'Gilchrist2016' on page 10 undefined on input line 47.


LaTeX Warning: Citation 'Gilchrist2016' on page 10 undefined on input line 47.


LaTeX Warning: Citation 'Rikalovic2022' on page 10 undefined on input line 52.


Overfull \hbox (14.07541pt too wide) in paragraph at lines 52--53
\T1/cmr/m/n/12 e.g. communication interfaces between specific software, connect
ivity infrastructure, software
 []

[10 <./images/Related/ERP.png>]
<images/Related/chalanges.png, id=217, 486.1362pt x 313.8927pt>
File: images/Related/chalanges.png Graphic file (type png)
<use images/Related/chalanges.png>
Package pdftex.def Info: images/Related/chalanges.png  used on input line 56.
(pdftex.def)             Requested size: 461.82677pt x 298.19637pt.

Overfull \hbox (6.58269pt too wide) in paragraph at lines 56--57
 [][] 
 []


LaTeX Warning: Citation 'Rikalovic2022' on page 11 undefined on input line 57.


LaTeX Warning: Citation 'Rikalovic2022' on page 11 undefined on input line 57.


LaTeX Warning: Citation 'Gilchrist2016' on page 11 undefined on input line 62.


LaTeX Warning: Citation 'LIN201842' on page 11 undefined on input line 62.


LaTeX Warning: Citation 'Kreiser2018' on page 11 undefined on input line 62.


Overfull \hbox (3.14249pt too wide) in paragraph at lines 62--63
\T1/cmr/m/n/12 security issues is the use of a Blockchain-based Authentication 
System (BSeIn), as proposed
 []


Overfull \hbox (28.52055pt too wide) in paragraph at lines 62--63
\T1/cmr/m/n/12 by the authors []. Additionally, another challenge is the encryp
tion of communication
 []


LaTeX Warning: Citation 'PENAS201752' on page 11 undefined on input line 64.


LaTeX Warning: Citation 'Rikalovic2022' on page 11 undefined on input line 64.


LaTeX Warning: Citation 'Zhang2017' on page 11 undefined on input line 64.

[11 <./images/Related/SERP.png>] [12 <./images/Related/chalanges.png>]

LaTeX Warning: Citation 'Rikalovic2022' on page 13 undefined on input line 72.


LaTeX Warning: Citation 'economies6030046' on page 13 undefined on input line 7
5.


LaTeX Warning: Citation 'Mihai2022' on page 13 undefined on input line 82.


LaTeX Warning: Citation 'Barricelli2019' on page 13 undefined on input line 82.



LaTeX Warning: Citation 'Grieves2017' on page 13 undefined on input line 82.

<images/Related/CAR.pdf, id=232, 813.0375pt x 813.0375pt>
File: images/Related/CAR.pdf Graphic file (type pdf)
<use images/Related/CAR.pdf>
Package pdftex.def Info: images/Related/CAR.pdf  used on input line 86.
(pdftex.def)             Requested size: 295.90587pt x 295.90642pt.

LaTeX Warning: Citation 'Grieves2017' on page 13 undefined on input line 87.


LaTeX Warning: Citation 'Grieves2017' on page 13 undefined on input line 87.


LaTeX Warning: Citation 'Barricelli2019' on page 13 undefined on input line 92.



LaTeX Warning: Citation 'Mihai2022' on page 13 undefined on input line 92.


LaTeX Warning: Citation 'Grieves2017' on page 13 undefined on input line 92.


Overfull \hbox (1.77316pt too wide) in paragraph at lines 92--93
[]\T1/cmr/m/n/12 An []Digital Twin (DT) is a computer-based machine or model th
at mimics, emulates,
 []


Overfull \hbox (7.5521pt too wide) in paragraph at lines 92--93
\T1/cmr/m/n/12 preventive maintenance operations. According to [] such a defini
tion corroborates
 []

[13]

LaTeX Warning: Citation 'Grieves2017' on page 14 undefined on input line 95.


LaTeX Warning: Citation 'Mihai2022' on page 14 undefined on input line 97.


LaTeX Warning: Citation 'Mendi2022' on page 14 undefined on input line 97.


Overfull \hbox (5.51132pt too wide) in paragraph at lines 97--98
\T1/cmr/m/n/12 processes, dynamics, and firmware of a physical system in a digi
tal counterpart [].
 []

[14 <./images/Related/CAR.pdf>]
<images/Related/DTTree.png, id=321, 247.8861pt x 211.0284pt>
File: images/Related/DTTree.png Graphic file (type png)
<use images/Related/DTTree.png>
Package pdftex.def Info: images/Related/DTTree.png  used on input line 101.
(pdftex.def)             Requested size: 185.9141pt x 158.2709pt.


LaTeX Warning: Citation 'Mihai2022' on page 15 undefined on input line 102.


LaTeX Warning: Citation 'Mihai2022' on page 15 undefined on input line 102.


LaTeX Warning: Citation 'Grieves2017' on page 15 undefined on input line 108.

[15 <./images/Related/DTTree.png>]

LaTeX Warning: Citation 'Grieves2017' on page 16 undefined on input line 111.


Overfull \hbox (15.80873pt too wide) in paragraph at lines 111--112
[]\T1/cmr/m/n/12 The []DTP model is an opportunity to identify and eliminate un
foreseen and undesirable
 []


Overfull \hbox (0.22554pt too wide) in paragraph at lines 111--112
\T1/cmr/m/n/12 3D models created in []Computer-Aided Design (CAD) and []Compute
r Aided Manufacturing
 []


LaTeX Warning: Citation 'Barricelli2019' on page 16 undefined on input line 114
.


LaTeX Warning: Citation 'Mihai2022' on page 16 undefined on input line 114.


LaTeX Warning: Citation 'Grieves2017' on page 16 undefined on input line 118.


Underfull \vbox (badness 10000) has occurred while \output is active []

 [16]

LaTeX Warning: Citation 'ROSEN2015567' on page 17 undefined on input line 125.


LaTeX Warning: Citation 'Qi2018' on page 17 undefined on input line 125.


LaTeX Warning: Citation 'Tao2017' on page 17 undefined on input line 125.


LaTeX Warning: Citation 'Barricelli2019' on page 17 undefined on input line 127
.


LaTeX Warning: Citation 'Benjamin2012' on page 17 undefined on input line 127.


LaTeX Warning: Citation 'Bielefeldt2015' on page 17 undefined on input line 127
.


Overfull \hbox (1.39096pt too wide) in paragraph at lines 127--128
[]\T1/cmr/m/n/12 . By means of statistical methods and with numerical approache
s involving
 []


Underfull \vbox (badness 10000) has occurred while \output is active []

 [17]
<images/Related/cps.png, id=339, 504.6855pt x 133.2177pt>
File: images/Related/cps.png Graphic file (type png)
<use images/Related/cps.png>
Package pdftex.def Info: images/Related/cps.png  used on input line 131.
(pdftex.def)             Requested size: 378.5132pt x 99.91301pt.


LaTeX Warning: Citation 'Qi2018' on page 18 undefined on input line 132.


LaTeX Warning: Citation 'Qi2018' on page 18 undefined on input line 132.


LaTeX Warning: Citation 'johns_2016' on page 18 undefined on input line 137.


LaTeX Warning: Citation 'gilligan_digital_2018' on page 18 undefined on input l
ine 137.


LaTeX Warning: Citation 'Levine2022' on page 18 undefined on input line 137.

<images/Related/heart.png, id=341, 165.7392pt x 225.2415pt>
File: images/Related/heart.png Graphic file (type png)
<use images/Related/heart.png>
Package pdftex.def Info: images/Related/heart.png  used on input line 141.
(pdftex.def)             Requested size: 107.72919pt x 146.40523pt.

LaTeX Warning: Citation 'Levine2022' on page 18 undefined on input line 142.


LaTeX Warning: Citation 'Levine2022' on page 18 undefined on input line 142.

[18 <./images/Related/cps.png>]
Overfull \hbox (15.24835pt too wide) in paragraph at lines 149--149
[]\T1/cmr/bx/n/17.28 Review of current traceability systems in the industry 
 []


LaTeX Warning: Citation 'ZHONG2013' on page 19 undefined on input line 151.


LaTeX Warning: Citation 'Anssens2011' on page 19 undefined on input line 151.


LaTeX Warning: Citation 'Yue2011' on page 19 undefined on input line 151.


LaTeX Warning: Citation 'Engelhardt2012' on page 19 undefined on input line 151
.


LaTeX Warning: Citation 'Rida2007' on page 19 undefined on input line 151.


LaTeX Warning: Citation 'Chua2012' on page 19 undefined on input line 151.


LaTeX Warning: Citation 'iso_9000_2015' on page 19 undefined on input line 154.



Overfull \hbox (3.93808pt too wide) in paragraph at lines 154--155
\T1/cmr/m/n/12 "capacity to trace the history, application, or location of that
 which is under consideration."
 []

[19 <./images/Related/heart.png>]

LaTeX Warning: Citation 'Qu2012-hw' on page 20 undefined on input line 156.


LaTeX Warning: Citation 'ZHONG2013' on page 20 undefined on input line 156.


LaTeX Warning: Citation 'Gilchrist2016' on page 20 undefined on input line 156.



Overfull \hbox (44.90594pt too wide) in paragraph at lines 156--157
\T1/cmr/m/n/12 documents, spreadsheets, manual entries, Enterprise Resource Pla
nning (ERP), and Manufacturing
 []


LaTeX Warning: Citation 'Gilchrist2016' on page 20 undefined on input line 159.



LaTeX Warning: Citation 'ZHONG2013' on page 20 undefined on input line 163.


LaTeX Warning: Citation 'Qu2012-hw' on page 20 undefined on input line 163.


LaTeX Warning: Citation 'Anssens2011' on page 20 undefined on input line 163.


LaTeX Warning: Citation 'Engelhardt2012' on page 20 undefined on input line 163
.


LaTeX Warning: Citation 'Rida2007' on page 20 undefined on input line 163.


LaTeX Warning: Citation 'Landt2005' on page 20 undefined on input line 163.


Overfull \hbox (5.67894pt too wide) in paragraph at lines 163--164
\T1/cmr/m/n/12 development that occurred during World War II []. This technolog
ical innovation
 []


LaTeX Warning: Citation 'MCFARLANE2003365' on page 20 undefined on input line 1
65.

[20]
<images/Development/chap3/g1126.png, id=359, 225.9642pt x 172.7253pt>
File: images/Development/chap3/g1126.png Graphic file (type png)
<use images/Development/chap3/g1126.png>
Package pdftex.def Info: images/Development/chap3/g1126.png  used on input line
 169.
(pdftex.def)             Requested size: 295.90587pt x 226.2138pt.


LaTeX Warning: Citation 'MCFARLANE2003365' on page 21 undefined on input line 1
70.


LaTeX Warning: Citation 'MCFARLANE2003365' on page 21 undefined on input line 1
70.


Overfull \hbox (26.27943pt too wide) in paragraph at lines 175--176
\T1/cmr/m/n/12 consider the costs and benefits associated with its implementati
on. The necessary infrastructure
 []


Overfull \hbox (9.22437pt too wide) in paragraph at lines 175--176
\T1/cmr/m/n/12 in terms of operational efficiency, error reduction, and optimiz
ation of the involved processes.
 []


Overfull \hbox (3.82867pt too wide) in paragraph at lines 175--176
\T1/cmr/m/n/12 Therefore, the decision to adopt []RFID technology should be bas
ed on a thorough evaluation
 []


LaTeX Warning: Citation 'Lee2012' on page 21 undefined on input line 178.

[21 <./images/Development/chap3/g1126.png>]

LaTeX Warning: Citation 'Yue2011' on page 22 undefined on input line 183.


LaTeX Warning: Citation 'Ustundag2007' on page 22 undefined on input line 185.


LaTeX Warning: Citation 'Lee2012' on page 22 undefined on input line 187.


Overfull \hbox (3.75993pt too wide) in paragraph at lines 187--188
\T1/cmr/m/n/12 of investment in radio frequency identification systems. In this
 paper, the authors introduce
 []


LaTeX Warning: Citation 'Lee2012' on page 22 undefined on input line 195.


Overfull \hbox (8.2173pt too wide) in paragraph at lines 195--196
[]\T1/cmr/m/n/12 The mathematical model proposed by [] is composed of four cost
 components:
 []


Underfull \vbox (badness 10000) has occurred while \output is active []

 [22]

LaTeX Warning: Citation 'Tiwari2016' on page 23 undefined on input line 204.


Overfull \hbox (4.26436pt too wide) in paragraph at lines 204--205
\T1/cmr/m/n/12 capacity of traditional bar-codes, which can only accommodate 20
 alphanumeric characters.
 []


Overfull \hbox (5.30856pt too wide) in paragraph at lines 204--205
\T1/cmr/m/n/12 This technological innovation proved its efficiency by providing
 greater control and accuracy
 []


LaTeX Warning: Citation 'Tiwari2016' on page 23 undefined on input line 206.


Overfull \hbox (38.85309pt too wide) in paragraph at lines 206--207
\T1/cmr/m/n/12 commercial applications, event ticketing, electronic transaction
s, and other relevant functionalities
 []


LaTeX Warning: Citation 'iso_18004_2015' on page 23 undefined on input line 208
.


LaTeX Warning: Citation 'Tiwari2016' on page 23 undefined on input line 208.

<images/Development/chap3/QR.pdf, id=376, 690.8046pt x 310.08864pt>
File: images/Development/chap3/QR.pdf Graphic file (type pdf)
<use images/Development/chap3/QR.pdf>
Package pdftex.def Info: images/Development/chap3/QR.pdf  used on input line 21
3.
(pdftex.def)             Requested size: 295.90587pt x 132.82922pt.

LaTeX Warning: Citation 'Tiwari2016' on page 23 undefined on input line 214.


LaTeX Warning: Citation 'Tiwari2016' on page 23 undefined on input line 214.


LaTeX Warning: `!h' float specifier changed to `!ht'.


LaTeX Warning: Citation 'Tiwari2016' on page 23 undefined on input line 218.

[23]
Overfull \hbox (5.89713pt too wide) in paragraph at lines 221--236
[][] 
 []


LaTeX Warning: Citation 'Tiwari2016' on page 24 undefined on input line 236.


LaTeX Warning: Citation 'Tiwari2016' on page 24 undefined on input line 236.


Overfull \hbox (2.06882pt too wide) in paragraph at lines 240--241
[]\T1/cmr/m/n/12 In conclusion, the QR code, initially designed to optimize the
 tracking of automotive
 []


Underfull \vbox (badness 1924) has occurred while \output is active []

 [24 <./images/Development/chap3/QR.pdf>]

LaTeX Warning: Citation 'Ustundag2007' on page 25 undefined on input line 245.


LaTeX Warning: Citation 'Lee2012' on page 25 undefined on input line 245.


Overfull \hbox (22.80963pt too wide) in paragraph at lines 245--246
[]\T1/cmr/m/n/12 The employment of Radio Frequency Identification (RFID) techno
logy offers substantial
 []


Overfull \hbox (4.86296pt too wide) in paragraph at lines 245--246
\T1/cmr/m/n/12 on an in-depth financial analysis concerning the impact of imple
mentation [].
 []


LaTeX Warning: Citation 'hultgren2018blockchain' on page 25 undefined on input 
line 247.


LaTeX Warning: Citation 'Amaya2022' on page 25 undefined on input line 249.


Underfull \vbox (badness 10000) has occurred while \output is active []

 [25]

LaTeX Warning: Citation 'Schraml2020' on page 26 undefined on input line 251.


LaTeX Warning: Citation 'Sun2021' on page 26 undefined on input line 251.

) [26] (chapters/cap03.tex
Chapter 3.

LaTeX Warning: Reference `section:mmDataBase' on page 27 undefined on input lin
e 8.


LaTeX Warning: Reference `section:security' on page 27 undefined on input line 
10.


LaTeX Warning: Reference `section:fileSharing' on page 27 undefined on input li
ne 12.


LaTeX Warning: Reference `section:fileSharing-webserver' on page 27 undefined o
n input line 12.


LaTeX Warning: Reference `section:ProjectTraceability' on page 27 undefined on 
input line 14.


LaTeX Warning: Reference `section:LeftoverTraceability' on page 27 undefined on
 input line 14.


LaTeX Warning: Citation 'gonzalez_rafael_c_digital_2018' on page 27 undefined o
n input line 18.


Underfull \vbox (badness 10000) has occurred while \output is active []

 [27


]

LaTeX Warning: Citation 'ekstrom2012' on page 28 undefined on input line 20.


Overfull \hbox (2.17012pt too wide) in paragraph at lines 20--21
[]\T1/cmr/m/n/12 In this multidisciplinary field, a wide range of techniques an
d algorithms is employed
 []


LaTeX Warning: Citation 'mcandrew2004introduction' on page 28 undefined on inpu
t line 22.


Overfull \hbox (6.07895pt too wide) in paragraph at lines 22--23
[]\T1/cmr/m/n/12 However, as reported by [], image processing addresses
 []


LaTeX Warning: Reference `fig:imageProcessingExample' on page 28 undefined on i
nput line 28.


LaTeX Warning: Citation 'mcandrew2004introduction' on page 28 undefined on inpu
t line 28.


Underfull \vbox (badness 10000) has occurred while \output is active []

 [28]

LaTeX Warning: Citation 'spiegel_schaums_1974' on page 29 undefined on input li
ne 41.


LaTeX Warning: Citation 'gonzalez_rafael_c_digital_2018' on page 29 undefined o
n input line 41.


Underfull \hbox (badness 10000) in paragraph at lines 51--52

 []

<images/Development/chap3/kernel.png, id=617, 614.295pt x 690.9012pt>
File: images/Development/chap3/kernel.png Graphic file (type png)
<use images/Development/chap3/kernel.png>
Package pdftex.def Info: images/Development/chap3/kernel.png  used on input lin
e 56.
(pdftex.def)             Requested size: 295.90587pt x 332.80954pt.

LaTeX Warning: Citation 'gonzalez_rafael_c_digital_2018' on page 29 undefined o
n input line 57.


LaTeX Warning: Citation 'gonzalez_rafael_c_digital_2018' on page 29 undefined o
n input line 57.


Underfull \hbox (badness 3758) in paragraph at lines 57--57
[]\T1/cmr/m/n/12 Figure 3.1: |Kernel convolution representation on a digital im
age. Source:
 []


LaTeX Warning: Reference `fig:kernel-transformation' on page 29 undefined on in
put line 63.


LaTeX Warning: Citation 'gonzalez_rafael_c_digital_2018' on page 29 undefined o
n input line 63.


Underfull \vbox (badness 1122) has occurred while \output is active []

 [29]

LaTeX Warning: Citation 'mcandrew2004introduction' on page 30 undefined on inpu
t line 67.


Overfull \hbox (2.38672pt too wide) in paragraph at lines 67--68
\T1/cmr/m/n/12 sharper and more detailed images []. The process of applying
 []


LaTeX Warning: Citation 'gonzalez_rafael_c_digital_2018' on page 30 undefined o
n input line 69.


LaTeX Warning: Citation 'mcandrew2004introduction' on page 30 undefined on inpu
t line 69.


LaTeX Warning: Citation 'DHAEYER1989' on page 30 undefined on input line 69.


Overfull \hbox (1.0955pt too wide) in paragraph at lines 69--70
[]\T1/cmr/m/n/12 Filters are characterized by the dimension of the kernel and t
heir associated weights,
 []


Underfull \vbox (badness 10000) has occurred while \output is active []

 [30 <./images/Development/chap3/kernel.png>]
<images/Development/chap3/gaussian_3d_plot.pdf, id=637, 325.24992pt x 296.74564
pt>
File: images/Development/chap3/gaussian_3d_plot.pdf Graphic file (type pdf)
<use images/Development/chap3/gaussian_3d_plot.pdf>
Package pdftex.def Info: images/Development/chap3/gaussian_3d_plot.pdf  used on
 input line 78.
(pdftex.def)             Requested size: 295.90587pt x 269.99818pt.


LaTeX Warning: Citation 'gonzalez_rafael_c_digital_2018' on page 31 undefined o
n input line 84.


Overfull \hbox (59.73285pt too wide) in paragraph at lines 84--85
\T1/cmr/m/n/12 computational efficiency and the quality of the filtering proces
s []. 
 []

[31 <./images/Development/chap3/gaussian_3d_plot.pdf>]

LaTeX Warning: Citation 'hubel1968receptive' on page 32 undefined on input line
 92.


LaTeX Warning: Citation 'hubel1962' on page 32 undefined on input line 92.


LaTeX Warning: Citation 'daniel1971' on page 32 undefined on input line 92.


LaTeX Warning: Citation 'marr1980theory' on page 32 undefined on input line 94.



LaTeX Warning: Citation 'canny1986' on page 32 undefined on input line 96.


LaTeX Warning: Citation 'ding_canny_2001' on page 32 undefined on input line 96
.


Overfull \hbox (5.06252pt too wide) in paragraph at lines 96--97
[]\T1/cmr/m/n/12 Subsequently, [] made significant advances in the vertex detec
tion process,
 []


LaTeX Warning: Citation 'Chaple2015' on page 32 undefined on input line 98.


LaTeX Warning: Citation 'gonzalez_rafael_c_digital_2018' on page 32 undefined o
n input line 98.


Overfull \hbox (73.82959pt too wide) in paragraph at lines 98--99
\T1/cmr/m/n/12 magnitude of the first-order derivative can be used to detect ed
ges [].
 []

[32]
<images/Development/chap3/chart.pdf, id=685, 322.65224pt x 296.74564pt>
File: images/Development/chap3/chart.pdf Graphic file (type pdf)
<use images/Development/chap3/chart.pdf>
Package pdftex.def Info: images/Development/chap3/chart.pdf  used on input line
 102.
(pdftex.def)             Requested size: 295.90587pt x 272.16708pt.


LaTeX Warning: Citation 'marr1980theory' on page 33 undefined on input line 103
.


LaTeX Warning: Citation 'marr1980theory' on page 33 undefined on input line 103
.


LaTeX Warning: Citation 'marr1980theory' on page 33 undefined on input line 108
.


LaTeX Warning: Citation 'Zhang2020' on page 33 undefined on input line 108.


LaTeX Warning: Citation 'Zhang2020' on page 33 undefined on input line 117.


LaTeX Warning: Citation 'prewitt1970object' on page 33 undefined on input line 
117.

[33 <./images/Development/chap3/chart.pdf>]

LaTeX Warning: Citation 'Zhang2020' on page 34 undefined on input line 140.


Overfull \hbox (1.55243pt too wide) in paragraph at lines 140--141
[]\T1/cmr/m/n/12 Subsequently, the Sobel operator was developed as an improveme
nt over the Prewitt
 []

<images/Development/chap3/mask.png, id=733, 933.4875pt x 606.265pt>
File: images/Development/chap3/mask.png Graphic file (type png)
<use images/Development/chap3/mask.png>
Package pdftex.def Info: images/Development/chap3/mask.png  used on input line 
162.
(pdftex.def)             Requested size: 295.90587pt x 192.1771pt.

LaTeX Warning: Citation 'Matthew2020' on page 34 undefined on input line 163.


LaTeX Warning: Citation 'Matthew2020' on page 34 undefined on input line 163.


LaTeX Warning: Citation 'gonzalez_rafael_c_digital_2018' on page 34 undefined o
n input line 167.


LaTeX Warning: Citation 'Zhang2020' on page 34 undefined on input line 167.


Underfull \vbox (badness 10000) has occurred while \output is active []

 [34]

LaTeX Warning: Citation 'gonzalez_rafael_c_digital_2018' on page 35 undefined o
n input line 177.


LaTeX Warning: Citation 'canny_opencv_nodate' on page 35 undefined on input lin
e 183.


Overfull \hbox (15.54881pt too wide) in paragraph at lines 183--184
[]\T1/cmr/m/n/12 After calculating the gradients, considering their respective 
directions and magnitudes,
 []


Overfull \hbox (14.7281pt too wide) in paragraph at lines 183--184
\T1/cmr/m/n/12 those local maximum points that typically align with the edges o
f an image. The methodology
 []


Underfull \vbox (badness 10000) has occurred while \output is active []

 [35 <./images/Development/chap3/mask.png>]
<images/Development/chap3/opencv.pdf, id=757, 302.4877pt x 261.9514pt>
File: images/Development/chap3/opencv.pdf Graphic file (type pdf)
<use images/Development/chap3/opencv.pdf>
Package pdftex.def Info: images/Development/chap3/opencv.pdf  used on input lin
e 187.
(pdftex.def)             Requested size: 295.90587pt x 256.26694pt.


LaTeX Warning: Citation 'canny_opencv_nodate' on page 36 undefined on input lin
e 188.


LaTeX Warning: Citation 'canny_opencv_nodate' on page 36 undefined on input lin
e 188.


LaTeX Warning: Citation 'canny_opencv_nodate' on page 36 undefined on input lin
e 191.

<images/Development/chap3/hysteresis.jpg, id=759, 451.6875pt x 263.98625pt>
File: images/Development/chap3/hysteresis.jpg Graphic file (type jpg)
<use images/Development/chap3/hysteresis.jpg>
Package pdftex.def Info: images/Development/chap3/hysteresis.jpg  used on input
 line 195.
(pdftex.def)             Requested size: 295.90587pt x 172.95052pt.

LaTeX Warning: Citation 'canny_opencv_nodate' on page 36 undefined on input lin
e 196.


LaTeX Warning: Citation 'canny_opencv_nodate' on page 36 undefined on input lin
e 196.

[36 <./images/Development/chap3/opencv.pdf>]

LaTeX Warning: Citation 'heath2002embedded' on page 37 undefined on input line 
206.

[37 <./images/Development/chap3/hysteresis.jpg>]

LaTeX Warning: Citation 'peckol2019embedded' on page 38 undefined on input line
 208.


Overfull \hbox (5.19968pt too wide) in paragraph at lines 208--209
\T1/cmr/m/n/12 activities. Simultaneously, a micro-controller, by integrating v
arious peripheral components
 []


Overfull \hbox (65.48283pt too wide) in paragraph at lines 208--209
\T1/cmr/m/n/12 into a single circuit, contributes to the efficiency and economy
 of these systems []. 
 []


LaTeX Warning: Reference `fig:jetson' on page 38 undefined on input line 210.


LaTeX Warning: Citation 'nvidia_jetson_2019' on page 38 undefined on input line
 210.

<images/Development/chap3/JetsonNano.png, id=771, 1204.5pt x 982.67125pt>
File: images/Development/chap3/JetsonNano.png Graphic file (type png)
<use images/Development/chap3/JetsonNano.png>
Package pdftex.def Info: images/Development/chap3/JetsonNano.png  used on input
 line 214.
(pdftex.def)             Requested size: 295.90587pt x 241.40881pt.

LaTeX Warning: Citation 'nvidia_jetson_2019' on page 38 undefined on input line
 215.


LaTeX Warning: Citation 'nvidia_jetson_2019' on page 38 undefined on input line
 215.


LaTeX Warning: Citation 'ids_imaging_development_systemsu3-36l0xc_2023' on page
 38 undefined on input line 219.


Overfull \hbox (9.61581pt too wide) in paragraph at lines 219--220
\T1/cmr/m/n/12 This camera is capable of automatically producing high-quality i
mages and videos, efficiently
 []


Overfull \hbox (2.71567pt too wide) in paragraph at lines 219--220
\T1/cmr/m/n/12 adapting to variations in object distance and unfavorable lighti
ng conditions. It is equipped
 []

[38 <./images/Development/chap3/JetsonNano.png>]
<images/Development/chap3/IDS_CAMERA.png, id=779, 1084.05pt x 1084.05pt>
File: images/Development/chap3/IDS_CAMERA.png Graphic file (type png)
<use images/Development/chap3/IDS_CAMERA.png>
Package pdftex.def Info: images/Development/chap3/IDS_CAMERA.png  used on input
 line 224.
(pdftex.def)             Requested size: 295.90587pt x 295.90642pt.


LaTeX Warning: Citation 'nvidia_jetson_2019' on page 39 undefined on input line
 225.


LaTeX Warning: Citation 'nvidia_jetson_2019' on page 39 undefined on input line
 225.


Overfull \hbox (6.6803pt too wide) in paragraph at lines 229--230
\T1/cmr/m/n/12 capture process by the U3-36L0XC-C$[]$ camera. Subsequently, the
se images are transmitted
 []


LaTeX Warning: Citation 'reddy2011api' on page 39 undefined on input line 233.

[39 <./images/Development/chap3/IDS_CAMERA.png>]
<images/Development/chap3/LeftOver.pdf, id=789, 2183.27657pt x 1188.35962pt>
File: images/Development/chap3/LeftOver.pdf Graphic file (type pdf)
<use images/Development/chap3/LeftOver.pdf>
Package pdftex.def Info: images/Development/chap3/LeftOver.pdf  used on input l
ine 237.
(pdftex.def)             Requested size: 295.90587pt x 161.05627pt.

Overfull \hbox (5.20688pt too wide) in paragraph at lines 244--245
[]\T1/cmr/m/n/12 Establishing robust methodologies for communication between de
vices is an essential
 []


Overfull \hbox (2.30672pt too wide) in paragraph at lines 244--245
\T1/cmr/m/n/12 component in this project, which, in turn, requires a deep under
standing of the technologies
 []


LaTeX Warning: Citation 'Mark2011' on page 40 undefined on input line 246.


LaTeX Warning: Citation 'etsi2023' on page 40 undefined on input line 246.


Overfull \hbox (0.15297pt too wide) in paragraph at lines 246--247
\T1/cmr/m/n/12 data from various devices, which provides a standardized communi
cation interface between
 []

[40 <./images/Development/chap3/LeftOver.pdf>]

LaTeX Warning: Citation 'ids_imaging_development_systemsu3-36l0xc_2023' on page
 41 undefined on input line 248.


LaTeX Warning: Citation 'banks2019mqtt' on page 41 undefined on input line 248.



Overfull \hbox (22.22903pt too wide) in paragraph at lines 248--249
\T1/cmr/m/n/12 Nano, mentioned earlier in Section [][]3.2[][], adopt a differen
t communication approach. Specifically,
 []


Overfull \hbox (16.82117pt too wide) in paragraph at lines 248--249
\T1/cmr/m/n/12 ensuring a constant flow of data [].
 []


LaTeX Warning: Citation 'Batra1995' on page 41 undefined on input line 258.

[41]
Overfull \hbox (0.4124pt too wide) in paragraph at lines 260--261
[]\T1/cmr/m/n/12 Therefore, the starting point for creating a data model is to 
acquire a comprehensive
 []


Overfull \hbox (7.57977pt too wide) in paragraph at lines 260--261
\T1/cmr/m/n/12 understanding of the processes. To illustrate, Figure [][]3.10[]
[] provides an amplified visualization
 []

<images/Development/chap3/Mofreitas Process.pdf, id=819, 687.52856pt x 522.9938
8pt>
File: images/Development/chap3/Mofreitas Process.pdf Graphic file (type pdf)
<use images/Development/chap3/Mofreitas Process.pdf>
Package pdftex.def Info: images/Development/chap3/Mofreitas Process.pdf  used o
n input line 264.
(pdftex.def)             Requested size: 446.13725pt x 339.38338pt.

Underfull \vbox (badness 10000) has occurred while \output is active []

 [42]
[43 <./images/Development/chap3/Mofreitas Process.pdf>]

LaTeX Warning: Citation 'etsi2023' on page 44 undefined on input line 276.


Overfull \hbox (9.12164pt too wide) in paragraph at lines 276--277
\T1/cmr/m/n/12 a universally readable and flexible standard for data structurin
g and manipulation []. 
 []


LaTeX Warning: Citation 'Li2009' on page 44 undefined on input line 278.


LaTeX Warning: Citation 'Chen1976' on page 44 undefined on input line 278.

<images/Development/chap3/WoodWork- Part 1.pdf, id=846, 911.32468pt x 661.51138
pt>
File: images/Development/chap3/WoodWork- Part 1.pdf Graphic file (type pdf)
<use images/Development/chap3/WoodWork- Part 1.pdf>
Package pdftex.def Info: images/Development/chap3/WoodWork- Part 1.pdf  used on
 input line 282.
(pdftex.def)             Requested size: 295.90587pt x 214.78677pt.
File: images/Development/chap3/WoodWork- Part 1.pdf Graphic file (type pdf)
<use images/Development/chap3/WoodWork- Part 1.pdf>
Package pdftex.def Info: images/Development/chap3/WoodWork- Part 1.pdf  used on
 input line 289.
(pdftex.def)             Requested size: 295.90587pt x 214.78677pt.
<images/Development/chap3/WoodWork.drawio.pdf, id=850, 7299.27pt x 10271.49432p
t>
File: images/Development/chap3/WoodWork.drawio.pdf Graphic file (type pdf)
<use images/Development/chap3/WoodWork.drawio.pdf>
Package pdftex.def Info: images/Development/chap3/WoodWork.drawio.pdf  used on 
input line 298.
(pdftex.def)             Requested size: 373.30347pt x 525.20285pt.

Underfull \vbox (badness 10000) has occurred while \output is active []

 [44]
Overfull \vbox (469.81573pt too high) has occurred while \output is active []


[45 <./images/Development/chap3/WoodWork- Part 1.pdf> <./images/Development/cha
p3/WoodWork.drawio.pdf>]

LaTeX Warning: Citation 'fiware_ngsi-ld_nodate' on page 46 undefined on input l
ine 305.


LaTeX Warning: Reference `code:model' on page 46 undefined on input line 305.

\openout4 = `relatorio.pyg'.

